{"C:\\Users\\Dubai Computers\\Downloads\\hackton-backend-develop\\hackton-backend-develop\\knexfile.js": {"path":"C:\\Users\\Dubai Computers\\Downloads\\hackton-backend-develop\\hackton-backend-develop\\knexfile.js","statementMap":{"0":{"start":{"line":1,"column":18},"end":{"line":1,"column":31}},"1":{"start":{"line":2,"column":21},"end":{"line":2,"column":40}},"2":{"start":{"line":3,"column":15},"end":{"line":3,"column":32}},"3":{"start":{"line":4,"column":0},"end":{"line":4,"column":27}},"4":{"start":{"line":12,"column":16},"end":{"line":14,"column":1}},"5":{"start":{"line":13,"column":2},"end":{"line":13,"column":64}},"6":{"start":{"line":16,"column":0},"end":{"line":16,"column":51}},"7":{"start":{"line":17,"column":0},"end":{"line":17,"column":49}},"8":{"start":{"line":19,"column":0},"end":{"line":90,"column":2}}},"fnMap":{"0":{"name":"(anonymous_0)","decl":{"start":{"line":12,"column":16},"end":{"line":12,"column":17}},"loc":{"start":{"line":12,"column":25},"end":{"line":14,"column":1}},"line":12}},"branchMap":{"0":{"loc":{"start":{"line":13,"column":9},"end":{"line":13,"column":63}},"type":"cond-expr","locations":[{"start":{"line":13,"column":24},"end":{"line":13,"column":28}},{"start":{"line":13,"column":31},"end":{"line":13,"column":63}}],"line":13}},"s":{"0":10,"1":10,"2":10,"3":10,"4":10,"5":0,"6":10,"7":10,"8":10},"f":{"0":0},"b":{"0":[0,0]},"_coverageSchema":"1a1c01bbd47fc00a2c39e90264f33305004495a9","hash":"e8098f8724e912c897b2402120fe837fb27254fc"}
,"C:\\Users\\Dubai Computers\\Downloads\\hackton-backend-develop\\hackton-backend-develop\\api\\server.js": {"path":"C:\\Users\\Dubai Computers\\Downloads\\hackton-backend-develop\\hackton-backend-develop\\api\\server.js","statementMap":{"0":{"start":{"line":1,"column":16},"end":{"line":1,"column":34}},"1":{"start":{"line":2,"column":15},"end":{"line":2,"column":32}},"2":{"start":{"line":3,"column":13},"end":{"line":3,"column":28}},"3":{"start":{"line":4,"column":15},"end":{"line":4,"column":32}},"4":{"start":{"line":5,"column":15},"end":{"line":5,"column":32}},"5":{"start":{"line":6,"column":16},"end":{"line":6,"column":44}},"6":{"start":{"line":7,"column":20},"end":{"line":7,"column":48}},"7":{"start":{"line":9,"column":0},"end":{"line":9,"column":16}},"8":{"start":{"line":10,"column":15},"end":{"line":10,"column":35}},"9":{"start":{"line":12,"column":15},"end":{"line":12,"column":24}},"10":{"start":{"line":16,"column":0},"end":{"line":16,"column":21}},"11":{"start":{"line":17,"column":0},"end":{"line":17,"column":27}},"12":{"start":{"line":18,"column":0},"end":{"line":18,"column":19}},"13":{"start":{"line":20,"column":0},"end":{"line":20,"column":59}},"14":{"start":{"line":22,"column":0},"end":{"line":35,"column":3}},"15":{"start":{"line":23,"column":2},"end":{"line":23,"column":35}},"16":{"start":{"line":24,"column":2},"end":{"line":24,"column":72}},"17":{"start":{"line":26,"column":2},"end":{"line":30,"column":4}},"18":{"start":{"line":32,"column":2},"end":{"line":32,"column":32}},"19":{"start":{"line":33,"column":2},"end":{"line":33,"column":22}},"20":{"start":{"line":34,"column":2},"end":{"line":34,"column":9}},"21":{"start":{"line":37,"column":0},"end":{"line":37,"column":27}},"22":{"start":{"line":39,"column":0},"end":{"line":44,"column":3}},"23":{"start":{"line":40,"column":2},"end":{"line":43,"column":5}},"24":{"start":{"line":46,"column":0},"end":{"line":51,"column":3}},"25":{"start":{"line":47,"column":2},"end":{"line":50,"column":5}},"26":{"start":{"line":53,"column":0},"end":{"line":53,"column":24}}},"fnMap":{"0":{"name":"(anonymous_0)","decl":{"start":{"line":22,"column":11},"end":{"line":22,"column":12}},"loc":{"start":{"line":22,"column":36},"end":{"line":35,"column":1}},"line":22},"1":{"name":"(anonymous_1)","decl":{"start":{"line":39,"column":16},"end":{"line":39,"column":17}},"loc":{"start":{"line":39,"column":30},"end":{"line":44,"column":1}},"line":39},"2":{"name":"(anonymous_2)","decl":{"start":{"line":46,"column":16},"end":{"line":46,"column":17}},"loc":{"start":{"line":46,"column":30},"end":{"line":51,"column":1}},"line":46}},"branchMap":{"0":{"loc":{"start":{"line":24,"column":21},"end":{"line":24,"column":71}},"type":"cond-expr","locations":[{"start":{"line":24,"column":63},"end":{"line":24,"column":66}},{"start":{"line":24,"column":69},"end":{"line":24,"column":71}}],"line":24},"1":{"loc":{"start":{"line":27,"column":7},"end":{"line":27,"column":24}},"type":"binary-expr","locations":[{"start":{"line":27,"column":7},"end":{"line":27,"column":17}},{"start":{"line":27,"column":21},"end":{"line":27,"column":24}}],"line":27},"2":{"loc":{"start":{"line":32,"column":13},"end":{"line":32,"column":30}},"type":"binary-expr","locations":[{"start":{"line":32,"column":13},"end":{"line":32,"column":23}},{"start":{"line":32,"column":27},"end":{"line":32,"column":30}}],"line":32}},"s":{"0":10,"1":10,"2":10,"3":10,"4":10,"5":10,"6":10,"7":10,"8":10,"9":10,"10":10,"11":10,"12":10,"13":10,"14":10,"15":0,"16":0,"17":0,"18":0,"19":0,"20":0,"21":10,"22":10,"23":1,"24":10,"25":1,"26":10},"f":{"0":0,"1":1,"2":1},"b":{"0":[0,0],"1":[0,0],"2":[0,0]},"_coverageSchema":"1a1c01bbd47fc00a2c39e90264f33305004495a9","hash":"c4358454367392460360771c3edc835ca26f1740"}
,"C:\\Users\\Dubai Computers\\Downloads\\hackton-backend-develop\\hackton-backend-develop\\api\\auth\\authenticate.js": {"path":"C:\\Users\\Dubai Computers\\Downloads\\hackton-backend-develop\\hackton-backend-develop\\api\\auth\\authenticate.js","statementMap":{"0":{"start":{"line":1,"column":12},"end":{"line":1,"column":35}},"1":{"start":{"line":4,"column":16},"end":{"line":4,"column":41}},"2":{"start":{"line":5,"column":2},"end":{"line":16,"column":3}},"3":{"start":{"line":6,"column":4},"end":{"line":13,"column":7}},"4":{"start":{"line":7,"column":6},"end":{"line":12,"column":7}},"5":{"start":{"line":8,"column":8},"end":{"line":8,"column":55}},"6":{"start":{"line":10,"column":8},"end":{"line":10,"column":40}},"7":{"start":{"line":11,"column":8},"end":{"line":11,"column":15}},"8":{"start":{"line":15,"column":4},"end":{"line":15,"column":65}},"9":{"start":{"line":19,"column":0},"end":{"line":19,"column":30}}},"fnMap":{"0":{"name":"authenticate","decl":{"start":{"line":3,"column":9},"end":{"line":3,"column":21}},"loc":{"start":{"line":3,"column":38},"end":{"line":17,"column":1}},"line":3},"1":{"name":"(anonymous_1)","decl":{"start":{"line":6,"column":42},"end":{"line":6,"column":43}},"loc":{"start":{"line":6,"column":65},"end":{"line":13,"column":5}},"line":6}},"branchMap":{"0":{"loc":{"start":{"line":5,"column":2},"end":{"line":16,"column":3}},"type":"if","locations":[{"start":{"line":5,"column":2},"end":{"line":16,"column":3}},{"start":{"line":14,"column":9},"end":{"line":16,"column":3}}],"line":5},"1":{"loc":{"start":{"line":7,"column":6},"end":{"line":12,"column":7}},"type":"if","locations":[{"start":{"line":7,"column":6},"end":{"line":12,"column":7}},{"start":{"line":9,"column":13},"end":{"line":12,"column":7}}],"line":7}},"s":{"0":10,"1":0,"2":0,"3":0,"4":0,"5":0,"6":0,"7":0,"8":0,"9":10},"f":{"0":0,"1":0},"b":{"0":[0,0],"1":[0,0]},"_coverageSchema":"1a1c01bbd47fc00a2c39e90264f33305004495a9","hash":"f3e65009bb4f854b010abb39ad6bcb9ccf79b048"}
,"C:\\Users\\Dubai Computers\\Downloads\\hackton-backend-develop\\hackton-backend-develop\\api\\auth\\githubStrategy.js": {"path":"C:\\Users\\Dubai Computers\\Downloads\\hackton-backend-develop\\hackton-backend-develop\\api\\auth\\githubStrategy.js","statementMap":{"0":{"start":{"line":1,"column":17},"end":{"line":1,"column":36}},"1":{"start":{"line":2,"column":23},"end":{"line":2,"column":59}},"2":{"start":{"line":3,"column":11},"end":{"line":3,"column":44}},"3":{"start":{"line":5,"column":15},"end":{"line":5,"column":42}},"4":{"start":{"line":7,"column":16},"end":{"line":7,"column":36}},"5":{"start":{"line":9,"column":0},"end":{"line":41,"column":2}},"6":{"start":{"line":11,"column":4},"end":{"line":39,"column":6}},"7":{"start":{"line":19,"column":42},"end":{"line":19,"column":49}},"8":{"start":{"line":21,"column":34},"end":{"line":27,"column":11}},"9":{"start":{"line":28,"column":23},"end":{"line":28,"column":65}},"10":{"start":{"line":29,"column":10},"end":{"line":29,"column":31}},"11":{"start":{"line":30,"column":10},"end":{"line":30,"column":44}},"12":{"start":{"line":32,"column":10},"end":{"line":36,"column":13}}},"fnMap":{"0":{"name":"(anonymous_0)","decl":{"start":{"line":10,"column":2},"end":{"line":10,"column":3}},"loc":{"start":{"line":10,"column":23},"end":{"line":40,"column":3}},"line":10},"1":{"name":"(anonymous_1)","decl":{"start":{"line":18,"column":8},"end":{"line":18,"column":9}},"loc":{"start":{"line":18,"column":60},"end":{"line":37,"column":9}},"line":18}},"branchMap":{"0":{"loc":{"start":{"line":16,"column":23},"end":{"line":16,"column":80}},"type":"binary-expr","locations":[{"start":{"line":16,"column":23},"end":{"line":16,"column":51}},{"start":{"line":16,"column":55},"end":{"line":16,"column":80}}],"line":16},"1":{"loc":{"start":{"line":25,"column":19},"end":{"line":25,"column":36}},"type":"binary-expr","locations":[{"start":{"line":25,"column":19},"end":{"line":25,"column":30}},{"start":{"line":25,"column":34},"end":{"line":25,"column":36}}],"line":25}},"s":{"0":10,"1":10,"2":10,"3":10,"4":10,"5":10,"6":10,"7":0,"8":0,"9":0,"10":0,"11":0,"12":0},"f":{"0":10,"1":0},"b":{"0":[10,0],"1":[0,0]},"_coverageSchema":"1a1c01bbd47fc00a2c39e90264f33305004495a9","hash":"6a9d2557dfc8c28c997cfaaf93bdcacd8a489213"}
,"C:\\Users\\Dubai Computers\\Downloads\\hackton-backend-develop\\hackton-backend-develop\\api\\auth\\googleStrategy.js": {"path":"C:\\Users\\Dubai Computers\\Downloads\\hackton-backend-develop\\hackton-backend-develop\\api\\auth\\googleStrategy.js","statementMap":{"0":{"start":{"line":1,"column":17},"end":{"line":1,"column":36}},"1":{"start":{"line":2,"column":23},"end":{"line":2,"column":70}},"2":{"start":{"line":3,"column":11},"end":{"line":3,"column":44}},"3":{"start":{"line":5,"column":15},"end":{"line":5,"column":42}},"4":{"start":{"line":7,"column":16},"end":{"line":7,"column":36}},"5":{"start":{"line":9,"column":0},"end":{"line":38,"column":2}},"6":{"start":{"line":11,"column":4},"end":{"line":36,"column":6}},"7":{"start":{"line":20,"column":34},"end":{"line":25,"column":11}},"8":{"start":{"line":26,"column":23},"end":{"line":26,"column":65}},"9":{"start":{"line":27,"column":10},"end":{"line":27,"column":31}},"10":{"start":{"line":28,"column":10},"end":{"line":28,"column":44}},"11":{"start":{"line":29,"column":10},"end":{"line":33,"column":13}}},"fnMap":{"0":{"name":"(anonymous_0)","decl":{"start":{"line":10,"column":2},"end":{"line":10,"column":3}},"loc":{"start":{"line":10,"column":23},"end":{"line":37,"column":3}},"line":10},"1":{"name":"(anonymous_1)","decl":{"start":{"line":19,"column":8},"end":{"line":19,"column":9}},"loc":{"start":{"line":19,"column":60},"end":{"line":34,"column":9}},"line":19}},"branchMap":{"0":{"loc":{"start":{"line":17,"column":12},"end":{"line":17,"column":77}},"type":"binary-expr","locations":[{"start":{"line":17,"column":12},"end":{"line":17,"column":49}},{"start":{"line":17,"column":53},"end":{"line":17,"column":77}}],"line":17}},"s":{"0":10,"1":10,"2":10,"3":10,"4":10,"5":10,"6":10,"7":0,"8":0,"9":0,"10":0,"11":0},"f":{"0":10,"1":0},"b":{"0":[10,0]},"_coverageSchema":"1a1c01bbd47fc00a2c39e90264f33305004495a9","hash":"d78ad72ffbbb3c10bd47bf007af61d3dc2081e9e"}
,"C:\\Users\\Dubai Computers\\Downloads\\hackton-backend-develop\\hackton-backend-develop\\config\\cloudinary.js": {"path":"C:\\Users\\Dubai Computers\\Downloads\\hackton-backend-develop\\hackton-backend-develop\\config\\cloudinary.js","statementMap":{"0":{"start":{"line":1,"column":15},"end":{"line":1,"column":32}},"1":{"start":{"line":2,"column":19},"end":{"line":2,"column":40}},"2":{"start":{"line":3,"column":26},"end":{"line":3,"column":62}},"3":{"start":{"line":5,"column":0},"end":{"line":9,"column":3}},"4":{"start":{"line":11,"column":16},"end":{"line":16,"column":2}},"5":{"start":{"line":18,"column":20},"end":{"line":25,"column":1}},"6":{"start":{"line":20,"column":2},"end":{"line":22,"column":3}},"7":{"start":{"line":21,"column":4},"end":{"line":21,"column":76}},"8":{"start":{"line":24,"column":2},"end":{"line":24,"column":24}},"9":{"start":{"line":27,"column":15},"end":{"line":27,"column":59}},"10":{"start":{"line":29,"column":0},"end":{"line":29,"column":24}}},"fnMap":{"0":{"name":"(anonymous_0)","decl":{"start":{"line":18,"column":20},"end":{"line":18,"column":21}},"loc":{"start":{"line":18,"column":39},"end":{"line":25,"column":1}},"line":18}},"branchMap":{"0":{"loc":{"start":{"line":20,"column":2},"end":{"line":22,"column":3}},"type":"if","locations":[{"start":{"line":20,"column":2},"end":{"line":22,"column":3}},{"start":{},"end":{}}],"line":20}},"s":{"0":10,"1":10,"2":10,"3":10,"4":10,"5":10,"6":0,"7":0,"8":0,"9":10,"10":10},"f":{"0":0},"b":{"0":[0,0]},"_coverageSchema":"1a1c01bbd47fc00a2c39e90264f33305004495a9","hash":"8a12d0067845868ec6cbbd196a128d7eff21dc03"}
,"C:\\Users\\Dubai Computers\\Downloads\\hackton-backend-develop\\hackton-backend-develop\\config\\mail.js": {"path":"C:\\Users\\Dubai Computers\\Downloads\\hackton-backend-develop\\hackton-backend-develop\\config\\mail.js","statementMap":{"0":{"start":{"line":1,"column":0},"end":{"line":1,"column":27}},"1":{"start":{"line":2,"column":16},"end":{"line":2,"column":34}},"2":{"start":{"line":4,"column":22},"end":{"line":11,"column":2}},"3":{"start":{"line":13,"column":0},"end":{"line":15,"column":2}}},"fnMap":{},"branchMap":{},"s":{"0":10,"1":10,"2":10,"3":10},"f":{},"b":{},"_coverageSchema":"1a1c01bbd47fc00a2c39e90264f33305004495a9","hash":"a99f4fad6acaba15d9be8e509af20b237484c2e0"}
,"C:\\Users\\Dubai Computers\\Downloads\\hackton-backend-develop\\hackton-backend-develop\\config\\winston.js": {"path":"C:\\Users\\Dubai Computers\\Downloads\\hackton-backend-develop\\hackton-backend-develop\\config\\winston.js","statementMap":{"0":{"start":{"line":1,"column":16},"end":{"line":1,"column":40}},"1":{"start":{"line":2,"column":16},"end":{"line":2,"column":34}},"2":{"start":{"line":4,"column":16},"end":{"line":21,"column":1}},"3":{"start":{"line":23,"column":15},"end":{"line":29,"column":2}},"4":{"start":{"line":31,"column":0},"end":{"line":35,"column":2}},"5":{"start":{"line":33,"column":4},"end":{"line":33,"column":35}},"6":{"start":{"line":37,"column":0},"end":{"line":37,"column":24}}},"fnMap":{"0":{"name":"(anonymous_0)","decl":{"start":{"line":32,"column":2},"end":{"line":32,"column":3}},"loc":{"start":{"line":32,"column":27},"end":{"line":34,"column":3}},"line":32}},"branchMap":{},"s":{"0":10,"1":10,"2":10,"3":10,"4":10,"5":2,"6":10},"f":{"0":2},"b":{},"_coverageSchema":"1a1c01bbd47fc00a2c39e90264f33305004495a9","hash":"2fe57585392647e64154cab99a25d6e0891a9896"}
,"C:\\Users\\Dubai Computers\\Downloads\\hackton-backend-develop\\hackton-backend-develop\\controllers\\Oauth.js": {"path":"C:\\Users\\Dubai Computers\\Downloads\\hackton-backend-develop\\hackton-backend-develop\\controllers\\Oauth.js","statementMap":{"0":{"start":{"line":1,"column":15},"end":{"line":1,"column":39}},"1":{"start":{"line":2,"column":11},"end":{"line":2,"column":41}},"2":{"start":{"line":3,"column":26},"end":{"line":3,"column":59}},"3":{"start":{"line":5,"column":20},"end":{"line":5,"column":44}},"4":{"start":{"line":7,"column":19},"end":{"line":22,"column":1}},"5":{"start":{"line":8,"column":2},"end":{"line":21,"column":3}},"6":{"start":{"line":9,"column":17},"end":{"line":9,"column":33}},"7":{"start":{"line":10,"column":4},"end":{"line":14,"column":5}},"8":{"start":{"line":11,"column":6},"end":{"line":13,"column":9}},"9":{"start":{"line":15,"column":4},"end":{"line":17,"column":5}},"10":{"start":{"line":16,"column":6},"end":{"line":16,"column":58}},"11":{"start":{"line":18,"column":4},"end":{"line":18,"column":56}},"12":{"start":{"line":20,"column":4},"end":{"line":20,"column":17}},"13":{"start":{"line":24,"column":21},"end":{"line":46,"column":1}},"14":{"start":{"line":25,"column":2},"end":{"line":45,"column":3}},"15":{"start":{"line":26,"column":17},"end":{"line":26,"column":30}},"16":{"start":{"line":27,"column":4},"end":{"line":32,"column":5}},"17":{"start":{"line":28,"column":6},"end":{"line":31,"column":9}},"18":{"start":{"line":33,"column":17},"end":{"line":33,"column":48}},"19":{"start":{"line":34,"column":4},"end":{"line":42,"column":5}},"20":{"start":{"line":35,"column":6},"end":{"line":35,"column":31}},"21":{"start":{"line":36,"column":6},"end":{"line":41,"column":8}},"22":{"start":{"line":44,"column":4},"end":{"line":44,"column":17}},"23":{"start":{"line":48,"column":0},"end":{"line":48,"column":46}}},"fnMap":{"0":{"name":"(anonymous_0)","decl":{"start":{"line":7,"column":19},"end":{"line":7,"column":20}},"loc":{"start":{"line":7,"column":39},"end":{"line":22,"column":1}},"line":7},"1":{"name":"(anonymous_1)","decl":{"start":{"line":24,"column":21},"end":{"line":24,"column":22}},"loc":{"start":{"line":24,"column":41},"end":{"line":46,"column":1}},"line":24}},"branchMap":{"0":{"loc":{"start":{"line":10,"column":4},"end":{"line":14,"column":5}},"type":"if","locations":[{"start":{"line":10,"column":4},"end":{"line":14,"column":5}},{"start":{},"end":{}}],"line":10},"1":{"loc":{"start":{"line":15,"column":4},"end":{"line":17,"column":5}},"type":"if","locations":[{"start":{"line":15,"column":4},"end":{"line":17,"column":5}},{"start":{},"end":{}}],"line":15},"2":{"loc":{"start":{"line":27,"column":4},"end":{"line":32,"column":5}},"type":"if","locations":[{"start":{"line":27,"column":4},"end":{"line":32,"column":5}},{"start":{},"end":{}}],"line":27},"3":{"loc":{"start":{"line":34,"column":4},"end":{"line":42,"column":5}},"type":"if","locations":[{"start":{"line":34,"column":4},"end":{"line":42,"column":5}},{"start":{},"end":{}}],"line":34}},"s":{"0":10,"1":10,"2":10,"3":10,"4":10,"5":0,"6":0,"7":0,"8":0,"9":0,"10":0,"11":0,"12":0,"13":10,"14":0,"15":0,"16":0,"17":0,"18":0,"19":0,"20":0,"21":0,"22":0,"23":10},"f":{"0":0,"1":0},"b":{"0":[0,0],"1":[0,0],"2":[0,0],"3":[0,0]},"_coverageSchema":"1a1c01bbd47fc00a2c39e90264f33305004495a9","hash":"d75f70427769fd678dc0d8ed91a1912ccbe343d2"}
,"C:\\Users\\Dubai Computers\\Downloads\\hackton-backend-develop\\hackton-backend-develop\\controllers\\authUser\\authControllers.js": {"path":"C:\\Users\\Dubai Computers\\Downloads\\hackton-backend-develop\\hackton-backend-develop\\controllers\\authUser\\authControllers.js","statementMap":{"0":{"start":{"line":1,"column":15},"end":{"line":1,"column":32}},"1":{"start":{"line":2,"column":26},"end":{"line":2,"column":62}},"2":{"start":{"line":3,"column":23},"end":{"line":3,"column":60}},"3":{"start":{"line":4,"column":15},"end":{"line":4,"column":49}},"4":{"start":{"line":5,"column":18},"end":{"line":5,"column":52}},"5":{"start":{"line":6,"column":18},"end":{"line":6,"column":51}},"6":{"start":{"line":8,"column":17},"end":{"line":28,"column":1}},"7":{"start":{"line":10,"column":2},"end":{"line":27,"column":3}},"8":{"start":{"line":11,"column":20},"end":{"line":11,"column":31}},"9":{"start":{"line":12,"column":19},"end":{"line":12,"column":29}},"10":{"start":{"line":13,"column":4},"end":{"line":24,"column":5}},"11":{"start":{"line":14,"column":6},"end":{"line":14,"column":44}},"12":{"start":{"line":15,"column":6},"end":{"line":20,"column":8}},"13":{"start":{"line":22,"column":6},"end":{"line":22,"column":47}},"14":{"start":{"line":23,"column":6},"end":{"line":23,"column":59}},"15":{"start":{"line":26,"column":4},"end":{"line":26,"column":73}},"16":{"start":{"line":30,"column":14},"end":{"line":49,"column":1}},"17":{"start":{"line":32,"column":2},"end":{"line":48,"column":3}},"18":{"start":{"line":33,"column":20},"end":{"line":33,"column":31}},"19":{"start":{"line":34,"column":4},"end":{"line":45,"column":5}},"20":{"start":{"line":35,"column":6},"end":{"line":35,"column":58}},"21":{"start":{"line":37,"column":6},"end":{"line":37,"column":44}},"22":{"start":{"line":38,"column":6},"end":{"line":44,"column":8}},"23":{"start":{"line":47,"column":4},"end":{"line":47,"column":65}},"24":{"start":{"line":51,"column":22},"end":{"line":63,"column":1}},"25":{"start":{"line":52,"column":2},"end":{"line":62,"column":3}},"26":{"start":{"line":53,"column":17},"end":{"line":53,"column":28}},"27":{"start":{"line":54,"column":4},"end":{"line":59,"column":6}},"28":{"start":{"line":61,"column":4},"end":{"line":61,"column":65}},"29":{"start":{"line":65,"column":20},"end":{"line":90,"column":1}},"30":{"start":{"line":66,"column":2},"end":{"line":89,"column":3}},"31":{"start":{"line":67,"column":15},"end":{"line":67,"column":30}},"32":{"start":{"line":68,"column":4},"end":{"line":85,"column":5}},"33":{"start":{"line":69,"column":27},"end":{"line":69,"column":35}},"34":{"start":{"line":70,"column":20},"end":{"line":70,"column":43}},"35":{"start":{"line":71,"column":6},"end":{"line":73,"column":7}},"36":{"start":{"line":72,"column":8},"end":{"line":72,"column":53}},"37":{"start":{"line":74,"column":19},"end":{"line":74,"column":50}},"38":{"start":{"line":75,"column":24},"end":{"line":75,"column":55}},"39":{"start":{"line":76,"column":6},"end":{"line":84,"column":7}},"40":{"start":{"line":77,"column":8},"end":{"line":77,"column":59}},"41":{"start":{"line":78,"column":8},"end":{"line":83,"column":10}},"42":{"start":{"line":86,"column":4},"end":{"line":86,"column":80}},"43":{"start":{"line":88,"column":4},"end":{"line":88,"column":65}},"44":{"start":{"line":92,"column":21},"end":{"line":111,"column":1}},"45":{"start":{"line":93,"column":2},"end":{"line":110,"column":3}},"46":{"start":{"line":94,"column":15},"end":{"line":94,"column":30}},"47":{"start":{"line":95,"column":4},"end":{"line":106,"column":5}},"48":{"start":{"line":96,"column":24},"end":{"line":96,"column":61}},"49":{"start":{"line":97,"column":6},"end":{"line":105,"column":7}},"50":{"start":{"line":98,"column":8},"end":{"line":98,"column":41}},"51":{"start":{"line":99,"column":8},"end":{"line":104,"column":10}},"52":{"start":{"line":107,"column":4},"end":{"line":107,"column":17}},"53":{"start":{"line":109,"column":4},"end":{"line":109,"column":65}},"54":{"start":{"line":113,"column":0},"end":{"line":119,"column":2}}},"fnMap":{"0":{"name":"(anonymous_0)","decl":{"start":{"line":8,"column":17},"end":{"line":8,"column":18}},"loc":{"start":{"line":8,"column":31},"end":{"line":28,"column":1}},"line":8},"1":{"name":"(anonymous_1)","decl":{"start":{"line":30,"column":14},"end":{"line":30,"column":15}},"loc":{"start":{"line":30,"column":28},"end":{"line":49,"column":1}},"line":30},"2":{"name":"(anonymous_2)","decl":{"start":{"line":51,"column":22},"end":{"line":51,"column":23}},"loc":{"start":{"line":51,"column":42},"end":{"line":63,"column":1}},"line":51},"3":{"name":"(anonymous_3)","decl":{"start":{"line":65,"column":20},"end":{"line":65,"column":21}},"loc":{"start":{"line":65,"column":40},"end":{"line":90,"column":1}},"line":65},"4":{"name":"(anonymous_4)","decl":{"start":{"line":92,"column":21},"end":{"line":92,"column":22}},"loc":{"start":{"line":92,"column":41},"end":{"line":111,"column":1}},"line":92}},"branchMap":{"0":{"loc":{"start":{"line":13,"column":4},"end":{"line":24,"column":5}},"type":"if","locations":[{"start":{"line":13,"column":4},"end":{"line":24,"column":5}},{"start":{"line":21,"column":11},"end":{"line":24,"column":5}}],"line":13},"1":{"loc":{"start":{"line":34,"column":4},"end":{"line":45,"column":5}},"type":"if","locations":[{"start":{"line":34,"column":4},"end":{"line":45,"column":5}},{"start":{"line":36,"column":11},"end":{"line":45,"column":5}}],"line":34},"2":{"loc":{"start":{"line":68,"column":4},"end":{"line":85,"column":5}},"type":"if","locations":[{"start":{"line":68,"column":4},"end":{"line":85,"column":5}},{"start":{},"end":{}}],"line":68},"3":{"loc":{"start":{"line":71,"column":6},"end":{"line":73,"column":7}},"type":"if","locations":[{"start":{"line":71,"column":6},"end":{"line":73,"column":7}},{"start":{},"end":{}}],"line":71},"4":{"loc":{"start":{"line":76,"column":6},"end":{"line":84,"column":7}},"type":"if","locations":[{"start":{"line":76,"column":6},"end":{"line":84,"column":7}},{"start":{},"end":{}}],"line":76},"5":{"loc":{"start":{"line":95,"column":4},"end":{"line":106,"column":5}},"type":"if","locations":[{"start":{"line":95,"column":4},"end":{"line":106,"column":5}},{"start":{},"end":{}}],"line":95},"6":{"loc":{"start":{"line":97,"column":6},"end":{"line":105,"column":7}},"type":"if","locations":[{"start":{"line":97,"column":6},"end":{"line":105,"column":7}},{"start":{},"end":{}}],"line":97}},"s":{"0":10,"1":10,"2":10,"3":10,"4":10,"5":10,"6":10,"7":0,"8":0,"9":0,"10":0,"11":0,"12":0,"13":0,"14":0,"15":0,"16":10,"17":0,"18":0,"19":0,"20":0,"21":0,"22":0,"23":0,"24":10,"25":0,"26":0,"27":0,"28":0,"29":10,"30":0,"31":0,"32":0,"33":0,"34":0,"35":0,"36":0,"37":0,"38":0,"39":0,"40":0,"41":0,"42":0,"43":0,"44":10,"45":0,"46":0,"47":0,"48":0,"49":0,"50":0,"51":0,"52":0,"53":0,"54":10},"f":{"0":0,"1":0,"2":0,"3":0,"4":0},"b":{"0":[0,0],"1":[0,0],"2":[0,0],"3":[0,0],"4":[0,0],"5":[0,0],"6":[0,0]},"_coverageSchema":"1a1c01bbd47fc00a2c39e90264f33305004495a9","hash":"bea3392cf0cc660fac24ac70ded5a9d75e0cf113"}
,"C:\\Users\\Dubai Computers\\Downloads\\hackton-backend-develop\\hackton-backend-develop\\controllers\\eventParticipants\\eventParticipantsController.js": {"path":"C:\\Users\\Dubai Computers\\Downloads\\hackton-backend-develop\\hackton-backend-develop\\controllers\\eventParticipants\\eventParticipantsController.js","statementMap":{"0":{"start":{"line":1,"column":11},"end":{"line":1,"column":57}},"1":{"start":{"line":2,"column":23},"end":{"line":2,"column":60}},"2":{"start":{"line":5,"column":17},"end":{"line":5,"column":27}},"3":{"start":{"line":6,"column":2},"end":{"line":18,"column":7}},"4":{"start":{"line":9,"column":6},"end":{"line":14,"column":8}},"5":{"start":{"line":17,"column":6},"end":{"line":17,"column":80}},"6":{"start":{"line":22,"column":21},"end":{"line":22,"column":37}},"7":{"start":{"line":23,"column":17},"end":{"line":23,"column":27}},"8":{"start":{"line":24,"column":2},"end":{"line":43,"column":7}},"9":{"start":{"line":30,"column":6},"end":{"line":35,"column":8}},"10":{"start":{"line":38,"column":6},"end":{"line":42,"column":8}},"11":{"start":{"line":47,"column":21},"end":{"line":47,"column":37}},"12":{"start":{"line":48,"column":17},"end":{"line":48,"column":27}},"13":{"start":{"line":49,"column":2},"end":{"line":65,"column":7}},"14":{"start":{"line":52,"column":6},"end":{"line":57,"column":8}},"15":{"start":{"line":60,"column":6},"end":{"line":64,"column":8}},"16":{"start":{"line":68,"column":34},"end":{"line":87,"column":1}},"17":{"start":{"line":69,"column":2},"end":{"line":86,"column":3}},"18":{"start":{"line":70,"column":24},"end":{"line":70,"column":33}},"19":{"start":{"line":71,"column":28},"end":{"line":71,"column":37}},"20":{"start":{"line":72,"column":23},"end":{"line":72,"column":39}},"21":{"start":{"line":73,"column":29},"end":{"line":73,"column":79}},"22":{"start":{"line":74,"column":4},"end":{"line":79,"column":6}},"23":{"start":{"line":81,"column":4},"end":{"line":85,"column":6}},"24":{"start":{"line":89,"column":0},"end":{"line":94,"column":2}}},"fnMap":{"0":{"name":"handleEventsGetById","decl":{"start":{"line":4,"column":15},"end":{"line":4,"column":34}},"loc":{"start":{"line":4,"column":45},"end":{"line":19,"column":1}},"line":4},"1":{"name":"(anonymous_1)","decl":{"start":{"line":8,"column":10},"end":{"line":8,"column":11}},"loc":{"start":{"line":8,"column":18},"end":{"line":15,"column":5}},"line":8},"2":{"name":"(anonymous_2)","decl":{"start":{"line":16,"column":11},"end":{"line":16,"column":12}},"loc":{"start":{"line":16,"column":20},"end":{"line":18,"column":5}},"line":16},"3":{"name":"handleEventRegistration","decl":{"start":{"line":21,"column":15},"end":{"line":21,"column":38}},"loc":{"start":{"line":21,"column":49},"end":{"line":44,"column":1}},"line":21},"4":{"name":"(anonymous_4)","decl":{"start":{"line":29,"column":10},"end":{"line":29,"column":11}},"loc":{"start":{"line":29,"column":18},"end":{"line":36,"column":5}},"line":29},"5":{"name":"(anonymous_5)","decl":{"start":{"line":37,"column":11},"end":{"line":37,"column":12}},"loc":{"start":{"line":37,"column":20},"end":{"line":43,"column":5}},"line":37},"6":{"name":"handleEventDelete","decl":{"start":{"line":46,"column":15},"end":{"line":46,"column":32}},"loc":{"start":{"line":46,"column":43},"end":{"line":66,"column":1}},"line":46},"7":{"name":"(anonymous_7)","decl":{"start":{"line":51,"column":10},"end":{"line":51,"column":11}},"loc":{"start":{"line":51,"column":18},"end":{"line":58,"column":5}},"line":51},"8":{"name":"(anonymous_8)","decl":{"start":{"line":59,"column":11},"end":{"line":59,"column":12}},"loc":{"start":{"line":59,"column":20},"end":{"line":65,"column":5}},"line":59},"9":{"name":"(anonymous_9)","decl":{"start":{"line":68,"column":34},"end":{"line":68,"column":35}},"loc":{"start":{"line":68,"column":54},"end":{"line":87,"column":1}},"line":68}},"branchMap":{},"s":{"0":10,"1":10,"2":0,"3":0,"4":0,"5":0,"6":0,"7":0,"8":0,"9":0,"10":0,"11":0,"12":0,"13":0,"14":0,"15":0,"16":10,"17":0,"18":0,"19":0,"20":0,"21":0,"22":0,"23":0,"24":10},"f":{"0":0,"1":0,"2":0,"3":0,"4":0,"5":0,"6":0,"7":0,"8":0,"9":0},"b":{},"_coverageSchema":"1a1c01bbd47fc00a2c39e90264f33305004495a9","hash":"a897fb0d95eb2dd2a60c2ab9cbe48e173bb13f27"}
,"C:\\Users\\Dubai Computers\\Downloads\\hackton-backend-develop\\hackton-backend-develop\\controllers\\eventTeam\\eventTeamController.js": {"path":"C:\\Users\\Dubai Computers\\Downloads\\hackton-backend-develop\\hackton-backend-develop\\controllers\\eventTeam\\eventTeamController.js","statementMap":{"0":{"start":{"line":1,"column":18},"end":{"line":1,"column":56}},"1":{"start":{"line":2,"column":23},"end":{"line":2,"column":60}},"2":{"start":{"line":5,"column":2},"end":{"line":17,"column":3}},"3":{"start":{"line":6,"column":24},"end":{"line":6,"column":32}},"4":{"start":{"line":7,"column":19},"end":{"line":11,"column":6}},"5":{"start":{"line":12,"column":4},"end":{"line":14,"column":7}},"6":{"start":{"line":16,"column":4},"end":{"line":16,"column":75}},"7":{"start":{"line":21,"column":17},"end":{"line":21,"column":27}},"8":{"start":{"line":22,"column":2},"end":{"line":29,"column":3}},"9":{"start":{"line":23,"column":20},"end":{"line":23,"column":47}},"10":{"start":{"line":24,"column":4},"end":{"line":26,"column":7}},"11":{"start":{"line":28,"column":4},"end":{"line":28,"column":75}},"12":{"start":{"line":33,"column":19},"end":{"line":33,"column":27}},"13":{"start":{"line":34,"column":2},"end":{"line":50,"column":3}},"14":{"start":{"line":35,"column":4},"end":{"line":38,"column":7}},"15":{"start":{"line":39,"column":24},"end":{"line":39,"column":66}},"16":{"start":{"line":40,"column":4},"end":{"line":47,"column":6}},"17":{"start":{"line":49,"column":4},"end":{"line":49,"column":75}},"18":{"start":{"line":53,"column":0},"end":{"line":57,"column":2}}},"fnMap":{"0":{"name":"handleAddTeamMember","decl":{"start":{"line":4,"column":15},"end":{"line":4,"column":34}},"loc":{"start":{"line":4,"column":45},"end":{"line":18,"column":1}},"line":4},"1":{"name":"handleGetTeamMembers","decl":{"start":{"line":20,"column":15},"end":{"line":20,"column":35}},"loc":{"start":{"line":20,"column":46},"end":{"line":30,"column":1}},"line":20},"2":{"name":"handleDeleteTeamMember","decl":{"start":{"line":32,"column":15},"end":{"line":32,"column":37}},"loc":{"start":{"line":32,"column":48},"end":{"line":51,"column":1}},"line":32}},"branchMap":{},"s":{"0":10,"1":10,"2":0,"3":0,"4":0,"5":0,"6":0,"7":0,"8":0,"9":0,"10":0,"11":0,"12":0,"13":0,"14":0,"15":0,"16":0,"17":0,"18":10},"f":{"0":0,"1":0,"2":0},"b":{},"_coverageSchema":"1a1c01bbd47fc00a2c39e90264f33305004495a9","hash":"6289e89f64125d1ec247279853fcbf3c48f0dc42"}
,"C:\\Users\\Dubai Computers\\Downloads\\hackton-backend-develop\\hackton-backend-develop\\controllers\\events\\eventsControllers.js": {"path":"C:\\Users\\Dubai Computers\\Downloads\\hackton-backend-develop\\hackton-backend-develop\\controllers\\events\\eventsControllers.js","statementMap":{"0":{"start":{"line":2,"column":15},"end":{"line":2,"column":32}},"1":{"start":{"line":3,"column":11},"end":{"line":3,"column":46}},"2":{"start":{"line":4,"column":23},"end":{"line":4,"column":60}},"3":{"start":{"line":7,"column":21},"end":{"line":7,"column":37}},"4":{"start":{"line":8,"column":22},"end":{"line":8,"column":31}},"5":{"start":{"line":9,"column":26},"end":{"line":9,"column":35}},"6":{"start":{"line":10,"column":2},"end":{"line":21,"column":7}},"7":{"start":{"line":12,"column":6},"end":{"line":17,"column":8}},"8":{"start":{"line":20,"column":6},"end":{"line":20,"column":77}},"9":{"start":{"line":25,"column":17},"end":{"line":25,"column":27}},"10":{"start":{"line":26,"column":2},"end":{"line":37,"column":7}},"11":{"start":{"line":28,"column":6},"end":{"line":33,"column":8}},"12":{"start":{"line":36,"column":6},"end":{"line":36,"column":77}},"13":{"start":{"line":41,"column":17},"end":{"line":41,"column":27}},"14":{"start":{"line":42,"column":2},"end":{"line":52,"column":7}},"15":{"start":{"line":44,"column":6},"end":{"line":48,"column":8}},"16":{"start":{"line":51,"column":6},"end":{"line":51,"column":77}},"17":{"start":{"line":56,"column":17},"end":{"line":56,"column":27}},"18":{"start":{"line":57,"column":21},"end":{"line":57,"column":37}},"19":{"start":{"line":58,"column":26},"end":{"line":58,"column":74}},"20":{"start":{"line":59,"column":24},"end":{"line":59,"column":70}},"21":{"start":{"line":60,"column":22},"end":{"line":73,"column":3}},"22":{"start":{"line":75,"column":2},"end":{"line":86,"column":7}},"23":{"start":{"line":77,"column":6},"end":{"line":82,"column":8}},"24":{"start":{"line":85,"column":6},"end":{"line":85,"column":77}},"25":{"start":{"line":90,"column":20},"end":{"line":90,"column":68}},"26":{"start":{"line":91,"column":18},"end":{"line":91,"column":64}},"27":{"start":{"line":92,"column":21},"end":{"line":92,"column":37}},"28":{"start":{"line":93,"column":16},"end":{"line":106,"column":3}},"29":{"start":{"line":107,"column":2},"end":{"line":118,"column":7}},"30":{"start":{"line":109,"column":6},"end":{"line":114,"column":8}},"31":{"start":{"line":117,"column":6},"end":{"line":117,"column":77}},"32":{"start":{"line":122,"column":2},"end":{"line":133,"column":7}},"33":{"start":{"line":124,"column":6},"end":{"line":129,"column":8}},"34":{"start":{"line":132,"column":6},"end":{"line":132,"column":77}},"35":{"start":{"line":136,"column":0},"end":{"line":143,"column":2}}},"fnMap":{"0":{"name":"handleEventsGetByUSerId","decl":{"start":{"line":6,"column":9},"end":{"line":6,"column":32}},"loc":{"start":{"line":6,"column":43},"end":{"line":22,"column":1}},"line":6},"1":{"name":"(anonymous_1)","decl":{"start":{"line":11,"column":10},"end":{"line":11,"column":11}},"loc":{"start":{"line":11,"column":18},"end":{"line":18,"column":5}},"line":11},"2":{"name":"(anonymous_2)","decl":{"start":{"line":19,"column":11},"end":{"line":19,"column":12}},"loc":{"start":{"line":19,"column":20},"end":{"line":21,"column":5}},"line":19},"3":{"name":"handleEventGetById","decl":{"start":{"line":24,"column":9},"end":{"line":24,"column":27}},"loc":{"start":{"line":24,"column":38},"end":{"line":38,"column":1}},"line":24},"4":{"name":"(anonymous_4)","decl":{"start":{"line":27,"column":10},"end":{"line":27,"column":11}},"loc":{"start":{"line":27,"column":18},"end":{"line":34,"column":5}},"line":27},"5":{"name":"(anonymous_5)","decl":{"start":{"line":35,"column":11},"end":{"line":35,"column":12}},"loc":{"start":{"line":35,"column":20},"end":{"line":37,"column":5}},"line":35},"6":{"name":"handleEventsDelete","decl":{"start":{"line":40,"column":9},"end":{"line":40,"column":27}},"loc":{"start":{"line":40,"column":38},"end":{"line":53,"column":1}},"line":40},"7":{"name":"(anonymous_7)","decl":{"start":{"line":43,"column":10},"end":{"line":43,"column":11}},"loc":{"start":{"line":43,"column":16},"end":{"line":49,"column":5}},"line":43},"8":{"name":"(anonymous_8)","decl":{"start":{"line":50,"column":11},"end":{"line":50,"column":12}},"loc":{"start":{"line":50,"column":20},"end":{"line":52,"column":5}},"line":50},"9":{"name":"handleEventsEdit","decl":{"start":{"line":55,"column":9},"end":{"line":55,"column":25}},"loc":{"start":{"line":55,"column":36},"end":{"line":87,"column":1}},"line":55},"10":{"name":"(anonymous_10)","decl":{"start":{"line":76,"column":10},"end":{"line":76,"column":11}},"loc":{"start":{"line":76,"column":18},"end":{"line":83,"column":5}},"line":76},"11":{"name":"(anonymous_11)","decl":{"start":{"line":84,"column":11},"end":{"line":84,"column":12}},"loc":{"start":{"line":84,"column":20},"end":{"line":86,"column":5}},"line":84},"12":{"name":"handleEventsPost","decl":{"start":{"line":89,"column":9},"end":{"line":89,"column":25}},"loc":{"start":{"line":89,"column":36},"end":{"line":119,"column":1}},"line":89},"13":{"name":"(anonymous_13)","decl":{"start":{"line":108,"column":10},"end":{"line":108,"column":11}},"loc":{"start":{"line":108,"column":18},"end":{"line":115,"column":5}},"line":108},"14":{"name":"(anonymous_14)","decl":{"start":{"line":116,"column":11},"end":{"line":116,"column":12}},"loc":{"start":{"line":116,"column":20},"end":{"line":118,"column":5}},"line":116},"15":{"name":"handleEventsGet","decl":{"start":{"line":121,"column":9},"end":{"line":121,"column":24}},"loc":{"start":{"line":121,"column":35},"end":{"line":134,"column":1}},"line":121},"16":{"name":"(anonymous_16)","decl":{"start":{"line":123,"column":10},"end":{"line":123,"column":11}},"loc":{"start":{"line":123,"column":18},"end":{"line":130,"column":5}},"line":123},"17":{"name":"(anonymous_17)","decl":{"start":{"line":131,"column":11},"end":{"line":131,"column":12}},"loc":{"start":{"line":131,"column":20},"end":{"line":133,"column":5}},"line":131}},"branchMap":{},"s":{"0":10,"1":10,"2":10,"3":0,"4":0,"5":0,"6":0,"7":0,"8":0,"9":0,"10":0,"11":0,"12":0,"13":0,"14":0,"15":0,"16":0,"17":0,"18":0,"19":0,"20":0,"21":0,"22":0,"23":0,"24":0,"25":0,"26":0,"27":0,"28":0,"29":0,"30":0,"31":0,"32":0,"33":0,"34":0,"35":10},"f":{"0":0,"1":0,"2":0,"3":0,"4":0,"5":0,"6":0,"7":0,"8":0,"9":0,"10":0,"11":0,"12":0,"13":0,"14":0,"15":0,"16":0,"17":0},"b":{},"_coverageSchema":"1a1c01bbd47fc00a2c39e90264f33305004495a9","hash":"53f9430515db504f98fc4258f20b5025f4ad1ff9"}
,"C:\\Users\\Dubai Computers\\Downloads\\hackton-backend-develop\\hackton-backend-develop\\controllers\\eventsCategories\\categoryControllers.js": {"path":"C:\\Users\\Dubai Computers\\Downloads\\hackton-backend-develop\\hackton-backend-develop\\controllers\\eventsCategories\\categoryControllers.js","statementMap":{"0":{"start":{"line":3,"column":11},"end":{"line":3,"column":53}},"1":{"start":{"line":4,"column":23},"end":{"line":4,"column":60}},"2":{"start":{"line":7,"column":17},"end":{"line":7,"column":27}},"3":{"start":{"line":8,"column":2},"end":{"line":18,"column":7}},"4":{"start":{"line":10,"column":6},"end":{"line":14,"column":8}},"5":{"start":{"line":17,"column":6},"end":{"line":17,"column":77}},"6":{"start":{"line":22,"column":17},"end":{"line":22,"column":27}},"7":{"start":{"line":23,"column":25},"end":{"line":25,"column":3}},"8":{"start":{"line":26,"column":2},"end":{"line":37,"column":7}},"9":{"start":{"line":28,"column":6},"end":{"line":33,"column":8}},"10":{"start":{"line":36,"column":6},"end":{"line":36,"column":77}},"11":{"start":{"line":41,"column":19},"end":{"line":41,"column":27}},"12":{"start":{"line":42,"column":2},"end":{"line":53,"column":7}},"13":{"start":{"line":44,"column":6},"end":{"line":49,"column":8}},"14":{"start":{"line":52,"column":6},"end":{"line":52,"column":77}},"15":{"start":{"line":57,"column":2},"end":{"line":68,"column":7}},"16":{"start":{"line":59,"column":6},"end":{"line":64,"column":8}},"17":{"start":{"line":67,"column":6},"end":{"line":67,"column":77}},"18":{"start":{"line":71,"column":0},"end":{"line":76,"column":2}}},"fnMap":{"0":{"name":"handleCategoriesDelete","decl":{"start":{"line":6,"column":9},"end":{"line":6,"column":31}},"loc":{"start":{"line":6,"column":42},"end":{"line":19,"column":1}},"line":6},"1":{"name":"(anonymous_1)","decl":{"start":{"line":9,"column":10},"end":{"line":9,"column":11}},"loc":{"start":{"line":9,"column":16},"end":{"line":15,"column":5}},"line":9},"2":{"name":"(anonymous_2)","decl":{"start":{"line":16,"column":11},"end":{"line":16,"column":12}},"loc":{"start":{"line":16,"column":20},"end":{"line":18,"column":5}},"line":16},"3":{"name":"handleCategoriesEdit","decl":{"start":{"line":21,"column":9},"end":{"line":21,"column":29}},"loc":{"start":{"line":21,"column":40},"end":{"line":38,"column":1}},"line":21},"4":{"name":"(anonymous_4)","decl":{"start":{"line":27,"column":10},"end":{"line":27,"column":11}},"loc":{"start":{"line":27,"column":18},"end":{"line":34,"column":5}},"line":27},"5":{"name":"(anonymous_5)","decl":{"start":{"line":35,"column":11},"end":{"line":35,"column":12}},"loc":{"start":{"line":35,"column":20},"end":{"line":37,"column":5}},"line":35},"6":{"name":"handleCategoriesPost","decl":{"start":{"line":40,"column":9},"end":{"line":40,"column":29}},"loc":{"start":{"line":40,"column":40},"end":{"line":54,"column":1}},"line":40},"7":{"name":"(anonymous_7)","decl":{"start":{"line":43,"column":10},"end":{"line":43,"column":11}},"loc":{"start":{"line":43,"column":18},"end":{"line":50,"column":5}},"line":43},"8":{"name":"(anonymous_8)","decl":{"start":{"line":51,"column":11},"end":{"line":51,"column":12}},"loc":{"start":{"line":51,"column":20},"end":{"line":53,"column":5}},"line":51},"9":{"name":"handleCategoriesGet","decl":{"start":{"line":56,"column":9},"end":{"line":56,"column":28}},"loc":{"start":{"line":56,"column":39},"end":{"line":69,"column":1}},"line":56},"10":{"name":"(anonymous_10)","decl":{"start":{"line":58,"column":10},"end":{"line":58,"column":11}},"loc":{"start":{"line":58,"column":18},"end":{"line":65,"column":5}},"line":58},"11":{"name":"(anonymous_11)","decl":{"start":{"line":66,"column":11},"end":{"line":66,"column":12}},"loc":{"start":{"line":66,"column":20},"end":{"line":68,"column":5}},"line":66}},"branchMap":{},"s":{"0":10,"1":10,"2":0,"3":0,"4":0,"5":0,"6":0,"7":0,"8":0,"9":0,"10":0,"11":0,"12":0,"13":0,"14":0,"15":0,"16":0,"17":0,"18":10},"f":{"0":0,"1":0,"2":0,"3":0,"4":0,"5":0,"6":0,"7":0,"8":0,"9":0,"10":0,"11":0},"b":{},"_coverageSchema":"1a1c01bbd47fc00a2c39e90264f33305004495a9","hash":"bf7f32ecb28fd3817058af32de3a64d48a0b65fc"}
,"C:\\Users\\Dubai Computers\\Downloads\\hackton-backend-develop\\hackton-backend-develop\\controllers\\inviteController\\inviteMail.js": {"path":"C:\\Users\\Dubai Computers\\Downloads\\hackton-backend-develop\\hackton-backend-develop\\controllers\\inviteController\\inviteMail.js","statementMap":{"0":{"start":{"line":2,"column":23},"end":{"line":2,"column":60}},"1":{"start":{"line":3,"column":15},"end":{"line":3,"column":49}},"2":{"start":{"line":5,"column":20},"end":{"line":5,"column":44}},"3":{"start":{"line":7,"column":26},"end":{"line":27,"column":1}},"4":{"start":{"line":8,"column":2},"end":{"line":26,"column":3}},"5":{"start":{"line":9,"column":19},"end":{"line":9,"column":29}},"6":{"start":{"line":10,"column":22},"end":{"line":10,"column":30}},"7":{"start":{"line":11,"column":22},"end":{"line":17,"column":6}},"8":{"start":{"line":18,"column":4},"end":{"line":22,"column":7}},"9":{"start":{"line":23,"column":4},"end":{"line":23,"column":72}},"10":{"start":{"line":25,"column":4},"end":{"line":25,"column":73}},"11":{"start":{"line":29,"column":24},"end":{"line":50,"column":1}},"12":{"start":{"line":30,"column":2},"end":{"line":49,"column":3}},"13":{"start":{"line":31,"column":19},"end":{"line":31,"column":29}},"14":{"start":{"line":32,"column":33},"end":{"line":32,"column":41}},"15":{"start":{"line":33,"column":22},"end":{"line":40,"column":6}},"16":{"start":{"line":41,"column":4},"end":{"line":45,"column":7}},"17":{"start":{"line":46,"column":4},"end":{"line":46,"column":72}},"18":{"start":{"line":48,"column":4},"end":{"line":48,"column":73}},"19":{"start":{"line":52,"column":0},"end":{"line":52,"column":56}}},"fnMap":{"0":{"name":"(anonymous_0)","decl":{"start":{"line":7,"column":26},"end":{"line":7,"column":27}},"loc":{"start":{"line":7,"column":46},"end":{"line":27,"column":1}},"line":7},"1":{"name":"(anonymous_1)","decl":{"start":{"line":29,"column":24},"end":{"line":29,"column":25}},"loc":{"start":{"line":29,"column":44},"end":{"line":50,"column":1}},"line":29}},"branchMap":{},"s":{"0":10,"1":10,"2":10,"3":10,"4":0,"5":0,"6":0,"7":0,"8":0,"9":0,"10":0,"11":10,"12":0,"13":0,"14":0,"15":0,"16":0,"17":0,"18":0,"19":10},"f":{"0":0,"1":0},"b":{},"_coverageSchema":"1a1c01bbd47fc00a2c39e90264f33305004495a9","hash":"86ad9ff5412e5764153ae92c897728a155f75ec1"}
,"C:\\Users\\Dubai Computers\\Downloads\\hackton-backend-develop\\hackton-backend-develop\\controllers\\participantTeams\\participantTeamsControllers.js": {"path":"C:\\Users\\Dubai Computers\\Downloads\\hackton-backend-develop\\hackton-backend-develop\\controllers\\participantTeams\\participantTeamsControllers.js","statementMap":{"0":{"start":{"line":2,"column":11},"end":{"line":2,"column":57}},"1":{"start":{"line":4,"column":23},"end":{"line":4,"column":60}},"2":{"start":{"line":9,"column":17},"end":{"line":9,"column":27}},"3":{"start":{"line":10,"column":2},"end":{"line":22,"column":7}},"4":{"start":{"line":13,"column":6},"end":{"line":18,"column":8}},"5":{"start":{"line":21,"column":6},"end":{"line":21,"column":78}},"6":{"start":{"line":26,"column":21},"end":{"line":26,"column":37}},"7":{"start":{"line":27,"column":17},"end":{"line":27,"column":27}},"8":{"start":{"line":28,"column":26},"end":{"line":32,"column":3}},"9":{"start":{"line":33,"column":2},"end":{"line":40,"column":7}},"10":{"start":{"line":36,"column":6},"end":{"line":36,"column":80}},"11":{"start":{"line":39,"column":6},"end":{"line":39,"column":78}},"12":{"start":{"line":44,"column":21},"end":{"line":44,"column":37}},"13":{"start":{"line":45,"column":17},"end":{"line":45,"column":27}},"14":{"start":{"line":46,"column":26},"end":{"line":50,"column":3}},"15":{"start":{"line":51,"column":2},"end":{"line":63,"column":7}},"16":{"start":{"line":54,"column":6},"end":{"line":59,"column":8}},"17":{"start":{"line":62,"column":6},"end":{"line":62,"column":78}},"18":{"start":{"line":67,"column":17},"end":{"line":67,"column":27}},"19":{"start":{"line":68,"column":2},"end":{"line":80,"column":7}},"20":{"start":{"line":71,"column":6},"end":{"line":76,"column":8}},"21":{"start":{"line":79,"column":6},"end":{"line":79,"column":78}},"22":{"start":{"line":84,"column":17},"end":{"line":84,"column":27}},"23":{"start":{"line":85,"column":2},"end":{"line":97,"column":7}},"24":{"start":{"line":88,"column":6},"end":{"line":93,"column":8}},"25":{"start":{"line":96,"column":6},"end":{"line":96,"column":78}},"26":{"start":{"line":103,"column":17},"end":{"line":103,"column":27}},"27":{"start":{"line":104,"column":2},"end":{"line":116,"column":7}},"28":{"start":{"line":107,"column":6},"end":{"line":112,"column":8}},"29":{"start":{"line":115,"column":6},"end":{"line":115,"column":78}},"30":{"start":{"line":120,"column":17},"end":{"line":120,"column":27}},"31":{"start":{"line":121,"column":2},"end":{"line":133,"column":7}},"32":{"start":{"line":124,"column":6},"end":{"line":129,"column":8}},"33":{"start":{"line":132,"column":6},"end":{"line":132,"column":78}},"34":{"start":{"line":138,"column":17},"end":{"line":138,"column":27}},"35":{"start":{"line":139,"column":33},"end":{"line":142,"column":3}},"36":{"start":{"line":143,"column":2},"end":{"line":155,"column":7}},"37":{"start":{"line":146,"column":6},"end":{"line":151,"column":8}},"38":{"start":{"line":154,"column":6},"end":{"line":154,"column":78}},"39":{"start":{"line":158,"column":0},"end":{"line":167,"column":2}}},"fnMap":{"0":{"name":"handleTeamDelete","decl":{"start":{"line":8,"column":15},"end":{"line":8,"column":31}},"loc":{"start":{"line":8,"column":42},"end":{"line":23,"column":1}},"line":8},"1":{"name":"(anonymous_1)","decl":{"start":{"line":12,"column":10},"end":{"line":12,"column":11}},"loc":{"start":{"line":12,"column":18},"end":{"line":19,"column":5}},"line":12},"2":{"name":"(anonymous_2)","decl":{"start":{"line":20,"column":11},"end":{"line":20,"column":12}},"loc":{"start":{"line":20,"column":20},"end":{"line":22,"column":5}},"line":20},"3":{"name":"handleTeamEdit","decl":{"start":{"line":25,"column":15},"end":{"line":25,"column":29}},"loc":{"start":{"line":25,"column":40},"end":{"line":41,"column":1}},"line":25},"4":{"name":"(anonymous_4)","decl":{"start":{"line":35,"column":10},"end":{"line":35,"column":11}},"loc":{"start":{"line":35,"column":18},"end":{"line":37,"column":5}},"line":35},"5":{"name":"(anonymous_5)","decl":{"start":{"line":38,"column":11},"end":{"line":38,"column":12}},"loc":{"start":{"line":38,"column":20},"end":{"line":40,"column":5}},"line":38},"6":{"name":"handleCreateTeam","decl":{"start":{"line":43,"column":15},"end":{"line":43,"column":31}},"loc":{"start":{"line":43,"column":42},"end":{"line":64,"column":1}},"line":43},"7":{"name":"(anonymous_7)","decl":{"start":{"line":53,"column":10},"end":{"line":53,"column":11}},"loc":{"start":{"line":53,"column":18},"end":{"line":60,"column":5}},"line":53},"8":{"name":"(anonymous_8)","decl":{"start":{"line":61,"column":11},"end":{"line":61,"column":12}},"loc":{"start":{"line":61,"column":20},"end":{"line":63,"column":5}},"line":61},"9":{"name":"handleTeamGet","decl":{"start":{"line":66,"column":15},"end":{"line":66,"column":28}},"loc":{"start":{"line":66,"column":39},"end":{"line":81,"column":1}},"line":66},"10":{"name":"(anonymous_10)","decl":{"start":{"line":70,"column":10},"end":{"line":70,"column":11}},"loc":{"start":{"line":70,"column":18},"end":{"line":77,"column":5}},"line":70},"11":{"name":"(anonymous_11)","decl":{"start":{"line":78,"column":11},"end":{"line":78,"column":12}},"loc":{"start":{"line":78,"column":20},"end":{"line":80,"column":5}},"line":78},"12":{"name":"handleAllTeamGet","decl":{"start":{"line":83,"column":15},"end":{"line":83,"column":31}},"loc":{"start":{"line":83,"column":42},"end":{"line":98,"column":1}},"line":83},"13":{"name":"(anonymous_13)","decl":{"start":{"line":87,"column":10},"end":{"line":87,"column":11}},"loc":{"start":{"line":87,"column":18},"end":{"line":94,"column":5}},"line":87},"14":{"name":"(anonymous_14)","decl":{"start":{"line":95,"column":11},"end":{"line":95,"column":12}},"loc":{"start":{"line":95,"column":20},"end":{"line":97,"column":5}},"line":95},"15":{"name":"handleTeamMateGet","decl":{"start":{"line":102,"column":15},"end":{"line":102,"column":32}},"loc":{"start":{"line":102,"column":43},"end":{"line":117,"column":1}},"line":102},"16":{"name":"(anonymous_16)","decl":{"start":{"line":106,"column":10},"end":{"line":106,"column":11}},"loc":{"start":{"line":106,"column":18},"end":{"line":113,"column":5}},"line":106},"17":{"name":"(anonymous_17)","decl":{"start":{"line":114,"column":11},"end":{"line":114,"column":12}},"loc":{"start":{"line":114,"column":20},"end":{"line":116,"column":5}},"line":114},"18":{"name":"handleTeamMateDelete","decl":{"start":{"line":119,"column":15},"end":{"line":119,"column":35}},"loc":{"start":{"line":119,"column":46},"end":{"line":134,"column":1}},"line":119},"19":{"name":"(anonymous_19)","decl":{"start":{"line":123,"column":10},"end":{"line":123,"column":11}},"loc":{"start":{"line":123,"column":18},"end":{"line":130,"column":5}},"line":123},"20":{"name":"(anonymous_20)","decl":{"start":{"line":131,"column":11},"end":{"line":131,"column":12}},"loc":{"start":{"line":131,"column":20},"end":{"line":133,"column":5}},"line":131},"21":{"name":"handleAddTeamMembers","decl":{"start":{"line":136,"column":15},"end":{"line":136,"column":35}},"loc":{"start":{"line":136,"column":46},"end":{"line":156,"column":1}},"line":136},"22":{"name":"(anonymous_22)","decl":{"start":{"line":145,"column":10},"end":{"line":145,"column":11}},"loc":{"start":{"line":145,"column":18},"end":{"line":152,"column":5}},"line":145},"23":{"name":"(anonymous_23)","decl":{"start":{"line":153,"column":11},"end":{"line":153,"column":12}},"loc":{"start":{"line":153,"column":20},"end":{"line":155,"column":5}},"line":153}},"branchMap":{},"s":{"0":10,"1":10,"2":0,"3":0,"4":0,"5":0,"6":0,"7":0,"8":0,"9":0,"10":0,"11":0,"12":0,"13":0,"14":0,"15":0,"16":0,"17":0,"18":0,"19":0,"20":0,"21":0,"22":0,"23":0,"24":0,"25":0,"26":0,"27":0,"28":0,"29":0,"30":0,"31":0,"32":0,"33":0,"34":0,"35":0,"36":0,"37":0,"38":0,"39":10},"f":{"0":0,"1":0,"2":0,"3":0,"4":0,"5":0,"6":0,"7":0,"8":0,"9":0,"10":0,"11":0,"12":0,"13":0,"14":0,"15":0,"16":0,"17":0,"18":0,"19":0,"20":0,"21":0,"22":0,"23":0},"b":{},"_coverageSchema":"1a1c01bbd47fc00a2c39e90264f33305004495a9","hash":"a0510564399b11ae3b0d0e9aa47bcde4c8772eae"}
,"C:\\Users\\Dubai Computers\\Downloads\\hackton-backend-develop\\hackton-backend-develop\\controllers\\projectGrading\\projectGradingControllers.js": {"path":"C:\\Users\\Dubai Computers\\Downloads\\hackton-backend-develop\\hackton-backend-develop\\controllers\\projectGrading\\projectGradingControllers.js","statementMap":{"0":{"start":{"line":2,"column":11},"end":{"line":2,"column":54}},"1":{"start":{"line":3,"column":17},"end":{"line":3,"column":52}},"2":{"start":{"line":4,"column":23},"end":{"line":4,"column":60}},"3":{"start":{"line":9,"column":17},"end":{"line":9,"column":27}},"4":{"start":{"line":10,"column":2},"end":{"line":22,"column":7}},"5":{"start":{"line":13,"column":6},"end":{"line":18,"column":8}},"6":{"start":{"line":21,"column":6},"end":{"line":21,"column":78}},"7":{"start":{"line":26,"column":21},"end":{"line":26,"column":37}},"8":{"start":{"line":27,"column":17},"end":{"line":27,"column":27}},"9":{"start":{"line":30,"column":2},"end":{"line":40,"column":7}},"10":{"start":{"line":33,"column":6},"end":{"line":36,"column":9}},"11":{"start":{"line":34,"column":8},"end":{"line":34,"column":37}},"12":{"start":{"line":35,"column":8},"end":{"line":35,"column":28}},"13":{"start":{"line":39,"column":6},"end":{"line":39,"column":55}},"14":{"start":{"line":41,"column":20},"end":{"line":41,"column":22}},"15":{"start":{"line":43,"column":2},"end":{"line":63,"column":5}},"16":{"start":{"line":44,"column":4},"end":{"line":62,"column":5}},"17":{"start":{"line":45,"column":6},"end":{"line":45,"column":64}},"18":{"start":{"line":46,"column":6},"end":{"line":46,"column":25}},"19":{"start":{"line":47,"column":11},"end":{"line":62,"column":5}},"20":{"start":{"line":48,"column":6},"end":{"line":48,"column":63}},"21":{"start":{"line":49,"column":6},"end":{"line":49,"column":25}},"22":{"start":{"line":50,"column":11},"end":{"line":62,"column":5}},"23":{"start":{"line":51,"column":6},"end":{"line":51,"column":60}},"24":{"start":{"line":52,"column":6},"end":{"line":52,"column":25}},"25":{"start":{"line":53,"column":11},"end":{"line":62,"column":5}},"26":{"start":{"line":54,"column":6},"end":{"line":54,"column":61}},"27":{"start":{"line":55,"column":6},"end":{"line":55,"column":25}},"28":{"start":{"line":56,"column":11},"end":{"line":62,"column":5}},"29":{"start":{"line":57,"column":6},"end":{"line":57,"column":63}},"30":{"start":{"line":58,"column":6},"end":{"line":58,"column":25}},"31":{"start":{"line":59,"column":11},"end":{"line":62,"column":5}},"32":{"start":{"line":60,"column":6},"end":{"line":60,"column":62}},"33":{"start":{"line":61,"column":6},"end":{"line":61,"column":25}},"34":{"start":{"line":64,"column":19},"end":{"line":64,"column":20}},"35":{"start":{"line":65,"column":24},"end":{"line":65,"column":25}},"36":{"start":{"line":67,"column":4},"end":{"line":67,"column":46}},"37":{"start":{"line":67,"column":39},"end":{"line":67,"column":44}},"38":{"start":{"line":68,"column":4},"end":{"line":68,"column":60}},"39":{"start":{"line":69,"column":4},"end":{"line":69,"column":27}},"40":{"start":{"line":71,"column":2},"end":{"line":71,"column":23}},"41":{"start":{"line":73,"column":31},"end":{"line":85,"column":3}},"42":{"start":{"line":86,"column":2},"end":{"line":98,"column":7}},"43":{"start":{"line":89,"column":6},"end":{"line":94,"column":8}},"44":{"start":{"line":97,"column":6},"end":{"line":97,"column":78}},"45":{"start":{"line":102,"column":21},"end":{"line":102,"column":37}},"46":{"start":{"line":103,"column":17},"end":{"line":103,"column":27}},"47":{"start":{"line":105,"column":2},"end":{"line":115,"column":7}},"48":{"start":{"line":108,"column":6},"end":{"line":111,"column":9}},"49":{"start":{"line":109,"column":8},"end":{"line":109,"column":37}},"50":{"start":{"line":110,"column":8},"end":{"line":110,"column":28}},"51":{"start":{"line":114,"column":6},"end":{"line":114,"column":55}},"52":{"start":{"line":116,"column":20},"end":{"line":116,"column":22}},"53":{"start":{"line":117,"column":2},"end":{"line":137,"column":5}},"54":{"start":{"line":118,"column":4},"end":{"line":136,"column":5}},"55":{"start":{"line":119,"column":6},"end":{"line":119,"column":64}},"56":{"start":{"line":120,"column":6},"end":{"line":120,"column":25}},"57":{"start":{"line":121,"column":11},"end":{"line":136,"column":5}},"58":{"start":{"line":122,"column":6},"end":{"line":122,"column":63}},"59":{"start":{"line":123,"column":6},"end":{"line":123,"column":25}},"60":{"start":{"line":124,"column":11},"end":{"line":136,"column":5}},"61":{"start":{"line":125,"column":6},"end":{"line":125,"column":60}},"62":{"start":{"line":126,"column":6},"end":{"line":126,"column":25}},"63":{"start":{"line":127,"column":11},"end":{"line":136,"column":5}},"64":{"start":{"line":128,"column":6},"end":{"line":128,"column":61}},"65":{"start":{"line":129,"column":6},"end":{"line":129,"column":25}},"66":{"start":{"line":130,"column":11},"end":{"line":136,"column":5}},"67":{"start":{"line":131,"column":6},"end":{"line":131,"column":63}},"68":{"start":{"line":132,"column":6},"end":{"line":132,"column":25}},"69":{"start":{"line":133,"column":11},"end":{"line":136,"column":5}},"70":{"start":{"line":134,"column":6},"end":{"line":134,"column":62}},"71":{"start":{"line":135,"column":6},"end":{"line":135,"column":25}},"72":{"start":{"line":138,"column":19},"end":{"line":138,"column":20}},"73":{"start":{"line":139,"column":24},"end":{"line":139,"column":25}},"74":{"start":{"line":141,"column":4},"end":{"line":141,"column":46}},"75":{"start":{"line":141,"column":39},"end":{"line":141,"column":44}},"76":{"start":{"line":142,"column":4},"end":{"line":142,"column":60}},"77":{"start":{"line":143,"column":4},"end":{"line":143,"column":27}},"78":{"start":{"line":145,"column":2},"end":{"line":145,"column":23}},"79":{"start":{"line":147,"column":25},"end":{"line":159,"column":3}},"80":{"start":{"line":160,"column":2},"end":{"line":172,"column":7}},"81":{"start":{"line":163,"column":6},"end":{"line":168,"column":8}},"82":{"start":{"line":171,"column":6},"end":{"line":171,"column":78}},"83":{"start":{"line":176,"column":17},"end":{"line":176,"column":27}},"84":{"start":{"line":177,"column":2},"end":{"line":189,"column":7}},"85":{"start":{"line":180,"column":6},"end":{"line":185,"column":8}},"86":{"start":{"line":188,"column":6},"end":{"line":188,"column":78}},"87":{"start":{"line":193,"column":17},"end":{"line":193,"column":27}},"88":{"start":{"line":194,"column":2},"end":{"line":206,"column":7}},"89":{"start":{"line":197,"column":6},"end":{"line":202,"column":8}},"90":{"start":{"line":205,"column":6},"end":{"line":205,"column":78}},"91":{"start":{"line":209,"column":0},"end":{"line":215,"column":2}}},"fnMap":{"0":{"name":"handleProjectGradingDelete","decl":{"start":{"line":8,"column":15},"end":{"line":8,"column":41}},"loc":{"start":{"line":8,"column":52},"end":{"line":23,"column":1}},"line":8},"1":{"name":"(anonymous_1)","decl":{"start":{"line":12,"column":10},"end":{"line":12,"column":11}},"loc":{"start":{"line":12,"column":18},"end":{"line":19,"column":5}},"line":12},"2":{"name":"(anonymous_2)","decl":{"start":{"line":20,"column":11},"end":{"line":20,"column":12}},"loc":{"start":{"line":20,"column":20},"end":{"line":22,"column":5}},"line":20},"3":{"name":"handleProjectGradingEdit","decl":{"start":{"line":25,"column":15},"end":{"line":25,"column":39}},"loc":{"start":{"line":25,"column":50},"end":{"line":99,"column":1}},"line":25},"4":{"name":"(anonymous_4)","decl":{"start":{"line":32,"column":10},"end":{"line":32,"column":11}},"loc":{"start":{"line":32,"column":18},"end":{"line":37,"column":5}},"line":32},"5":{"name":"(anonymous_5)","decl":{"start":{"line":33,"column":15},"end":{"line":33,"column":16}},"loc":{"start":{"line":33,"column":24},"end":{"line":36,"column":7}},"line":33},"6":{"name":"(anonymous_6)","decl":{"start":{"line":38,"column":11},"end":{"line":38,"column":12}},"loc":{"start":{"line":38,"column":20},"end":{"line":40,"column":5}},"line":38},"7":{"name":"(anonymous_7)","decl":{"start":{"line":43,"column":19},"end":{"line":43,"column":20}},"loc":{"start":{"line":43,"column":33},"end":{"line":63,"column":3}},"line":43},"8":{"name":"average","decl":{"start":{"line":66,"column":11},"end":{"line":66,"column":18}},"loc":{"start":{"line":66,"column":25},"end":{"line":70,"column":3}},"line":66},"9":{"name":"(anonymous_9)","decl":{"start":{"line":67,"column":29},"end":{"line":67,"column":30}},"loc":{"start":{"line":67,"column":39},"end":{"line":67,"column":44}},"line":67},"10":{"name":"(anonymous_10)","decl":{"start":{"line":88,"column":10},"end":{"line":88,"column":11}},"loc":{"start":{"line":88,"column":18},"end":{"line":95,"column":5}},"line":88},"11":{"name":"(anonymous_11)","decl":{"start":{"line":96,"column":11},"end":{"line":96,"column":12}},"loc":{"start":{"line":96,"column":20},"end":{"line":98,"column":5}},"line":96},"12":{"name":"handleprojectGradingPost","decl":{"start":{"line":101,"column":15},"end":{"line":101,"column":39}},"loc":{"start":{"line":101,"column":50},"end":{"line":173,"column":1}},"line":101},"13":{"name":"(anonymous_13)","decl":{"start":{"line":107,"column":10},"end":{"line":107,"column":11}},"loc":{"start":{"line":107,"column":18},"end":{"line":112,"column":5}},"line":107},"14":{"name":"(anonymous_14)","decl":{"start":{"line":108,"column":15},"end":{"line":108,"column":16}},"loc":{"start":{"line":108,"column":24},"end":{"line":111,"column":7}},"line":108},"15":{"name":"(anonymous_15)","decl":{"start":{"line":113,"column":11},"end":{"line":113,"column":12}},"loc":{"start":{"line":113,"column":20},"end":{"line":115,"column":5}},"line":113},"16":{"name":"(anonymous_16)","decl":{"start":{"line":117,"column":19},"end":{"line":117,"column":20}},"loc":{"start":{"line":117,"column":33},"end":{"line":137,"column":3}},"line":117},"17":{"name":"average","decl":{"start":{"line":140,"column":11},"end":{"line":140,"column":18}},"loc":{"start":{"line":140,"column":25},"end":{"line":144,"column":3}},"line":140},"18":{"name":"(anonymous_18)","decl":{"start":{"line":141,"column":29},"end":{"line":141,"column":30}},"loc":{"start":{"line":141,"column":39},"end":{"line":141,"column":44}},"line":141},"19":{"name":"(anonymous_19)","decl":{"start":{"line":162,"column":10},"end":{"line":162,"column":11}},"loc":{"start":{"line":162,"column":18},"end":{"line":169,"column":5}},"line":162},"20":{"name":"(anonymous_20)","decl":{"start":{"line":170,"column":11},"end":{"line":170,"column":12}},"loc":{"start":{"line":170,"column":20},"end":{"line":172,"column":5}},"line":170},"21":{"name":"handleGetAllProjectGrading","decl":{"start":{"line":175,"column":15},"end":{"line":175,"column":41}},"loc":{"start":{"line":175,"column":52},"end":{"line":190,"column":1}},"line":175},"22":{"name":"(anonymous_22)","decl":{"start":{"line":179,"column":10},"end":{"line":179,"column":11}},"loc":{"start":{"line":179,"column":18},"end":{"line":186,"column":5}},"line":179},"23":{"name":"(anonymous_23)","decl":{"start":{"line":187,"column":11},"end":{"line":187,"column":12}},"loc":{"start":{"line":187,"column":20},"end":{"line":189,"column":5}},"line":187},"24":{"name":"handleGetProjectGrading","decl":{"start":{"line":192,"column":15},"end":{"line":192,"column":38}},"loc":{"start":{"line":192,"column":49},"end":{"line":207,"column":1}},"line":192},"25":{"name":"(anonymous_25)","decl":{"start":{"line":196,"column":10},"end":{"line":196,"column":11}},"loc":{"start":{"line":196,"column":18},"end":{"line":203,"column":5}},"line":196},"26":{"name":"(anonymous_26)","decl":{"start":{"line":204,"column":11},"end":{"line":204,"column":12}},"loc":{"start":{"line":204,"column":20},"end":{"line":206,"column":5}},"line":204}},"branchMap":{"0":{"loc":{"start":{"line":44,"column":4},"end":{"line":62,"column":5}},"type":"if","locations":[{"start":{"line":44,"column":4},"end":{"line":62,"column":5}},{"start":{"line":47,"column":11},"end":{"line":62,"column":5}}],"line":44},"1":{"loc":{"start":{"line":47,"column":11},"end":{"line":62,"column":5}},"type":"if","locations":[{"start":{"line":47,"column":11},"end":{"line":62,"column":5}},{"start":{"line":50,"column":11},"end":{"line":62,"column":5}}],"line":47},"2":{"loc":{"start":{"line":50,"column":11},"end":{"line":62,"column":5}},"type":"if","locations":[{"start":{"line":50,"column":11},"end":{"line":62,"column":5}},{"start":{"line":53,"column":11},"end":{"line":62,"column":5}}],"line":50},"3":{"loc":{"start":{"line":53,"column":11},"end":{"line":62,"column":5}},"type":"if","locations":[{"start":{"line":53,"column":11},"end":{"line":62,"column":5}},{"start":{"line":56,"column":11},"end":{"line":62,"column":5}}],"line":53},"4":{"loc":{"start":{"line":56,"column":11},"end":{"line":62,"column":5}},"type":"if","locations":[{"start":{"line":56,"column":11},"end":{"line":62,"column":5}},{"start":{"line":59,"column":11},"end":{"line":62,"column":5}}],"line":56},"5":{"loc":{"start":{"line":59,"column":11},"end":{"line":62,"column":5}},"type":"if","locations":[{"start":{"line":59,"column":11},"end":{"line":62,"column":5}},{"start":{},"end":{}}],"line":59},"6":{"loc":{"start":{"line":118,"column":4},"end":{"line":136,"column":5}},"type":"if","locations":[{"start":{"line":118,"column":4},"end":{"line":136,"column":5}},{"start":{"line":121,"column":11},"end":{"line":136,"column":5}}],"line":118},"7":{"loc":{"start":{"line":121,"column":11},"end":{"line":136,"column":5}},"type":"if","locations":[{"start":{"line":121,"column":11},"end":{"line":136,"column":5}},{"start":{"line":124,"column":11},"end":{"line":136,"column":5}}],"line":121},"8":{"loc":{"start":{"line":124,"column":11},"end":{"line":136,"column":5}},"type":"if","locations":[{"start":{"line":124,"column":11},"end":{"line":136,"column":5}},{"start":{"line":127,"column":11},"end":{"line":136,"column":5}}],"line":124},"9":{"loc":{"start":{"line":127,"column":11},"end":{"line":136,"column":5}},"type":"if","locations":[{"start":{"line":127,"column":11},"end":{"line":136,"column":5}},{"start":{"line":130,"column":11},"end":{"line":136,"column":5}}],"line":127},"10":{"loc":{"start":{"line":130,"column":11},"end":{"line":136,"column":5}},"type":"if","locations":[{"start":{"line":130,"column":11},"end":{"line":136,"column":5}},{"start":{"line":133,"column":11},"end":{"line":136,"column":5}}],"line":130},"11":{"loc":{"start":{"line":133,"column":11},"end":{"line":136,"column":5}},"type":"if","locations":[{"start":{"line":133,"column":11},"end":{"line":136,"column":5}},{"start":{},"end":{}}],"line":133}},"s":{"0":10,"1":10,"2":10,"3":0,"4":0,"5":0,"6":0,"7":0,"8":0,"9":0,"10":0,"11":0,"12":0,"13":0,"14":0,"15":0,"16":0,"17":0,"18":0,"19":0,"20":0,"21":0,"22":0,"23":0,"24":0,"25":0,"26":0,"27":0,"28":0,"29":0,"30":0,"31":0,"32":0,"33":0,"34":0,"35":0,"36":0,"37":0,"38":0,"39":0,"40":0,"41":0,"42":0,"43":0,"44":0,"45":0,"46":0,"47":0,"48":0,"49":0,"50":0,"51":0,"52":0,"53":0,"54":0,"55":0,"56":0,"57":0,"58":0,"59":0,"60":0,"61":0,"62":0,"63":0,"64":0,"65":0,"66":0,"67":0,"68":0,"69":0,"70":0,"71":0,"72":0,"73":0,"74":0,"75":0,"76":0,"77":0,"78":0,"79":0,"80":0,"81":0,"82":0,"83":0,"84":0,"85":0,"86":0,"87":0,"88":0,"89":0,"90":0,"91":10},"f":{"0":0,"1":0,"2":0,"3":0,"4":0,"5":0,"6":0,"7":0,"8":0,"9":0,"10":0,"11":0,"12":0,"13":0,"14":0,"15":0,"16":0,"17":0,"18":0,"19":0,"20":0,"21":0,"22":0,"23":0,"24":0,"25":0,"26":0},"b":{"0":[0,0],"1":[0,0],"2":[0,0],"3":[0,0],"4":[0,0],"5":[0,0],"6":[0,0],"7":[0,0],"8":[0,0],"9":[0,0],"10":[0,0],"11":[0,0]},"_coverageSchema":"1a1c01bbd47fc00a2c39e90264f33305004495a9","hash":"208e57e0bac4cc6e59c4c92c64589fc1cb952106"}
,"C:\\Users\\Dubai Computers\\Downloads\\hackton-backend-develop\\hackton-backend-develop\\controllers\\projects\\projectControllers.js": {"path":"C:\\Users\\Dubai Computers\\Downloads\\hackton-backend-develop\\hackton-backend-develop\\controllers\\projects\\projectControllers.js","statementMap":{"0":{"start":{"line":1,"column":11},"end":{"line":1,"column":48}},"1":{"start":{"line":2,"column":15},"end":{"line":2,"column":58}},"2":{"start":{"line":3,"column":15},"end":{"line":3,"column":53}},"3":{"start":{"line":4,"column":23},"end":{"line":4,"column":60}},"4":{"start":{"line":9,"column":17},"end":{"line":9,"column":27}},"5":{"start":{"line":10,"column":2},"end":{"line":22,"column":7}},"6":{"start":{"line":13,"column":6},"end":{"line":18,"column":8}},"7":{"start":{"line":21,"column":6},"end":{"line":21,"column":78}},"8":{"start":{"line":26,"column":21},"end":{"line":26,"column":37}},"9":{"start":{"line":27,"column":17},"end":{"line":27,"column":27}},"10":{"start":{"line":28,"column":24},"end":{"line":36,"column":3}},"11":{"start":{"line":37,"column":2},"end":{"line":49,"column":7}},"12":{"start":{"line":40,"column":6},"end":{"line":45,"column":8}},"13":{"start":{"line":48,"column":6},"end":{"line":48,"column":78}},"14":{"start":{"line":53,"column":21},"end":{"line":53,"column":37}},"15":{"start":{"line":54,"column":17},"end":{"line":54,"column":27}},"16":{"start":{"line":55,"column":24},"end":{"line":63,"column":3}},"17":{"start":{"line":64,"column":2},"end":{"line":76,"column":7}},"18":{"start":{"line":67,"column":6},"end":{"line":72,"column":8}},"19":{"start":{"line":75,"column":6},"end":{"line":75,"column":78}},"20":{"start":{"line":80,"column":17},"end":{"line":80,"column":27}},"21":{"start":{"line":81,"column":2},"end":{"line":130,"column":3}},"22":{"start":{"line":82,"column":27},"end":{"line":82,"column":64}},"23":{"start":{"line":83,"column":26},"end":{"line":83,"column":67}},"24":{"start":{"line":84,"column":22},"end":{"line":84,"column":46}},"25":{"start":{"line":86,"column":24},"end":{"line":88,"column":5}},"26":{"start":{"line":87,"column":14},"end":{"line":87,"column":40}},"27":{"start":{"line":96,"column":26},"end":{"line":116,"column":5}},"28":{"start":{"line":97,"column":6},"end":{"line":114,"column":9}},"29":{"start":{"line":98,"column":33},"end":{"line":98,"column":39}},"30":{"start":{"line":99,"column":8},"end":{"line":99,"column":44}},"31":{"start":{"line":100,"column":8},"end":{"line":100,"column":42}},"32":{"start":{"line":101,"column":8},"end":{"line":101,"column":58}},"33":{"start":{"line":102,"column":8},"end":{"line":113,"column":11}},"34":{"start":{"line":103,"column":10},"end":{"line":111,"column":11}},"35":{"start":{"line":108,"column":12},"end":{"line":108,"column":47}},"36":{"start":{"line":109,"column":12},"end":{"line":109,"column":67}},"37":{"start":{"line":110,"column":12},"end":{"line":110,"column":77}},"38":{"start":{"line":112,"column":10},"end":{"line":112,"column":34}},"39":{"start":{"line":115,"column":6},"end":{"line":115,"column":25}},"40":{"start":{"line":117,"column":29},"end":{"line":121,"column":5}},"41":{"start":{"line":122,"column":4},"end":{"line":127,"column":6}},"42":{"start":{"line":129,"column":4},"end":{"line":129,"column":76}},"43":{"start":{"line":134,"column":17},"end":{"line":134,"column":27}},"44":{"start":{"line":135,"column":2},"end":{"line":147,"column":7}},"45":{"start":{"line":138,"column":6},"end":{"line":143,"column":8}},"46":{"start":{"line":146,"column":6},"end":{"line":146,"column":78}},"47":{"start":{"line":150,"column":0},"end":{"line":156,"column":2}}},"fnMap":{"0":{"name":"handleProjectEntriesDelete","decl":{"start":{"line":8,"column":15},"end":{"line":8,"column":41}},"loc":{"start":{"line":8,"column":52},"end":{"line":23,"column":1}},"line":8},"1":{"name":"(anonymous_1)","decl":{"start":{"line":12,"column":10},"end":{"line":12,"column":11}},"loc":{"start":{"line":12,"column":18},"end":{"line":19,"column":5}},"line":12},"2":{"name":"(anonymous_2)","decl":{"start":{"line":20,"column":11},"end":{"line":20,"column":12}},"loc":{"start":{"line":20,"column":20},"end":{"line":22,"column":5}},"line":20},"3":{"name":"handleProjectEntriesEdit","decl":{"start":{"line":25,"column":15},"end":{"line":25,"column":39}},"loc":{"start":{"line":25,"column":50},"end":{"line":50,"column":1}},"line":25},"4":{"name":"(anonymous_4)","decl":{"start":{"line":39,"column":10},"end":{"line":39,"column":11}},"loc":{"start":{"line":39,"column":18},"end":{"line":46,"column":5}},"line":39},"5":{"name":"(anonymous_5)","decl":{"start":{"line":47,"column":11},"end":{"line":47,"column":12}},"loc":{"start":{"line":47,"column":20},"end":{"line":49,"column":5}},"line":47},"6":{"name":"handleprojectEntriesPost","decl":{"start":{"line":52,"column":15},"end":{"line":52,"column":39}},"loc":{"start":{"line":52,"column":50},"end":{"line":77,"column":1}},"line":52},"7":{"name":"(anonymous_7)","decl":{"start":{"line":66,"column":10},"end":{"line":66,"column":11}},"loc":{"start":{"line":66,"column":18},"end":{"line":73,"column":5}},"line":66},"8":{"name":"(anonymous_8)","decl":{"start":{"line":74,"column":11},"end":{"line":74,"column":12}},"loc":{"start":{"line":74,"column":20},"end":{"line":76,"column":5}},"line":74},"9":{"name":"handleGetAllProjectEntries","decl":{"start":{"line":79,"column":15},"end":{"line":79,"column":41}},"loc":{"start":{"line":79,"column":52},"end":{"line":131,"column":1}},"line":79},"10":{"name":"(anonymous_10)","decl":{"start":{"line":87,"column":6},"end":{"line":87,"column":7}},"loc":{"start":{"line":87,"column":14},"end":{"line":87,"column":40}},"line":87},"11":{"name":"(anonymous_11)","decl":{"start":{"line":96,"column":26},"end":{"line":96,"column":27}},"loc":{"start":{"line":96,"column":65},"end":{"line":116,"column":5}},"line":96},"12":{"name":"(anonymous_12)","decl":{"start":{"line":97,"column":28},"end":{"line":97,"column":29}},"loc":{"start":{"line":97,"column":38},"end":{"line":114,"column":7}},"line":97},"13":{"name":"(anonymous_13)","decl":{"start":{"line":102,"column":26},"end":{"line":102,"column":27}},"loc":{"start":{"line":102,"column":34},"end":{"line":113,"column":9}},"line":102},"14":{"name":"handleGetProjectEntry","decl":{"start":{"line":133,"column":15},"end":{"line":133,"column":36}},"loc":{"start":{"line":133,"column":47},"end":{"line":148,"column":1}},"line":133},"15":{"name":"(anonymous_15)","decl":{"start":{"line":137,"column":10},"end":{"line":137,"column":11}},"loc":{"start":{"line":137,"column":18},"end":{"line":144,"column":5}},"line":137},"16":{"name":"(anonymous_16)","decl":{"start":{"line":145,"column":11},"end":{"line":145,"column":12}},"loc":{"start":{"line":145,"column":20},"end":{"line":147,"column":5}},"line":145}},"branchMap":{"0":{"loc":{"start":{"line":103,"column":10},"end":{"line":111,"column":11}},"type":"if","locations":[{"start":{"line":103,"column":10},"end":{"line":111,"column":11}},{"start":{},"end":{}}],"line":103},"1":{"loc":{"start":{"line":104,"column":12},"end":{"line":106,"column":25}},"type":"binary-expr","locations":[{"start":{"line":104,"column":12},"end":{"line":104,"column":63}},{"start":{"line":105,"column":12},"end":{"line":105,"column":51}},{"start":{"line":106,"column":12},"end":{"line":106,"column":25}}],"line":104}},"s":{"0":10,"1":10,"2":10,"3":10,"4":0,"5":0,"6":0,"7":0,"8":0,"9":0,"10":0,"11":0,"12":0,"13":0,"14":0,"15":0,"16":0,"17":0,"18":0,"19":0,"20":0,"21":0,"22":0,"23":0,"24":0,"25":0,"26":0,"27":0,"28":0,"29":0,"30":0,"31":0,"32":0,"33":0,"34":0,"35":0,"36":0,"37":0,"38":0,"39":0,"40":0,"41":0,"42":0,"43":0,"44":0,"45":0,"46":0,"47":10},"f":{"0":0,"1":0,"2":0,"3":0,"4":0,"5":0,"6":0,"7":0,"8":0,"9":0,"10":0,"11":0,"12":0,"13":0,"14":0,"15":0,"16":0},"b":{"0":[0,0],"1":[0,0,0]},"_coverageSchema":"1a1c01bbd47fc00a2c39e90264f33305004495a9","hash":"b9d6ee2e34e1764fcca1606372894445d95eaa2f"}
,"C:\\Users\\Dubai Computers\\Downloads\\hackton-backend-develop\\hackton-backend-develop\\controllers\\users\\userController.js": {"path":"C:\\Users\\Dubai Computers\\Downloads\\hackton-backend-develop\\hackton-backend-develop\\controllers\\users\\userController.js","statementMap":{"0":{"start":{"line":1,"column":18},"end":{"line":1,"column":51}},"1":{"start":{"line":2,"column":23},"end":{"line":2,"column":60}},"2":{"start":{"line":3,"column":19},"end":{"line":3,"column":65}},"3":{"start":{"line":6,"column":2},"end":{"line":13,"column":3}},"4":{"start":{"line":7,"column":18},"end":{"line":7,"column":44}},"5":{"start":{"line":8,"column":4},"end":{"line":10,"column":7}},"6":{"start":{"line":12,"column":4},"end":{"line":12,"column":75}},"7":{"start":{"line":16,"column":17},"end":{"line":16,"column":27}},"8":{"start":{"line":17,"column":30},"end":{"line":17,"column":38}},"9":{"start":{"line":19,"column":2},"end":{"line":21,"column":3}},"10":{"start":{"line":20,"column":4},"end":{"line":20,"column":25}},"11":{"start":{"line":22,"column":2},"end":{"line":24,"column":3}},"12":{"start":{"line":23,"column":4},"end":{"line":23,"column":28}},"13":{"start":{"line":25,"column":2},"end":{"line":27,"column":3}},"14":{"start":{"line":26,"column":4},"end":{"line":26,"column":31}},"15":{"start":{"line":28,"column":2},"end":{"line":42,"column":3}},"16":{"start":{"line":29,"column":17},"end":{"line":29,"column":59}},"17":{"start":{"line":30,"column":4},"end":{"line":34,"column":5}},"18":{"start":{"line":31,"column":6},"end":{"line":33,"column":9}},"19":{"start":{"line":35,"column":4},"end":{"line":39,"column":6}},"20":{"start":{"line":41,"column":4},"end":{"line":41,"column":75}},"21":{"start":{"line":45,"column":26},"end":{"line":76,"column":1}},"22":{"start":{"line":46,"column":2},"end":{"line":75,"column":3}},"23":{"start":{"line":47,"column":23},"end":{"line":47,"column":39}},"24":{"start":{"line":48,"column":22},"end":{"line":48,"column":67}},"25":{"start":{"line":50,"column":4},"end":{"line":71,"column":5}},"26":{"start":{"line":51,"column":6},"end":{"line":59,"column":7}},"27":{"start":{"line":52,"column":29},"end":{"line":52,"column":66}},"28":{"start":{"line":53,"column":8},"end":{"line":55,"column":10}},"29":{"start":{"line":56,"column":8},"end":{"line":56,"column":50}},"30":{"start":{"line":58,"column":8},"end":{"line":58,"column":32}},"31":{"start":{"line":60,"column":22},"end":{"line":66,"column":7}},"32":{"start":{"line":67,"column":26},"end":{"line":67,"column":69}},"33":{"start":{"line":68,"column":6},"end":{"line":70,"column":9}},"34":{"start":{"line":72,"column":4},"end":{"line":72,"column":79}},"35":{"start":{"line":74,"column":4},"end":{"line":74,"column":75}},"36":{"start":{"line":78,"column":0},"end":{"line":82,"column":2}}},"fnMap":{"0":{"name":"handleGetUserList","decl":{"start":{"line":5,"column":15},"end":{"line":5,"column":32}},"loc":{"start":{"line":5,"column":43},"end":{"line":14,"column":1}},"line":5},"1":{"name":"handleGetSingleUser","decl":{"start":{"line":15,"column":15},"end":{"line":15,"column":34}},"loc":{"start":{"line":15,"column":45},"end":{"line":43,"column":1}},"line":15},"2":{"name":"(anonymous_2)","decl":{"start":{"line":45,"column":26},"end":{"line":45,"column":27}},"loc":{"start":{"line":45,"column":46},"end":{"line":76,"column":1}},"line":45}},"branchMap":{"0":{"loc":{"start":{"line":19,"column":2},"end":{"line":21,"column":3}},"type":"if","locations":[{"start":{"line":19,"column":2},"end":{"line":21,"column":3}},{"start":{},"end":{}}],"line":19},"1":{"loc":{"start":{"line":22,"column":2},"end":{"line":24,"column":3}},"type":"if","locations":[{"start":{"line":22,"column":2},"end":{"line":24,"column":3}},{"start":{},"end":{}}],"line":22},"2":{"loc":{"start":{"line":25,"column":2},"end":{"line":27,"column":3}},"type":"if","locations":[{"start":{
[...]
5,"column":5}},"5":{"start":{"line":12,"column":6},"end":{"line":12,"column":52}},"6":{"start":{"line":17,"column":6},"end":{"line":21,"column":7}},"7":{"start":{"line":18,"column":8},"end":{"line":20,"column":9}},"8":{"start":{"line":19,"column":10},"end":{"line":19,"column":69}},"9":{"start":{"line":22,"column":6},"end":{"line":26,"column":7}},"10":{"start":{"line":23,"column":8},"end":{"line":25,"column":9}},"11":{"start":{"line":24,"column":10},"end":{"line":24,"column":70}},"12":{"start":{"line":28,"column":6},"end":{"line":34,"column":7}},"13":{"start":{"line":29,"column":8},"end":{"line":33,"column":9}},"14":{"start":{"line":30,"column":10},"end":{"line":32,"column":108}},"15":{"start":{"line":36,"column":6},"end":{"line":42,"column":7}},"16":{"start":{"line":37,"column":8},"end":{"line":41,"column":9}},"17":{"start":{"line":38,"column":10},"end":{"line":40,"column":77}},"18":{"start":{"line":45,"column":6},"end":{"line":49,"column":7}},"19":{"start":{"line":46,"column":8},"end":{"line":48,"column":9}},"20":{"start":{"line":47,"column":10},"end":{"line":47,"column":41}},"21":{"start":{"line":50,"column":6},"end":{"line":54,"column":7}},"22":{"start":{"line":51,"column":8},"end":{"line":53,"column":9}},"23":{"start":{"line":52,"column":10},"end":{"line":52,"column":66}},"24":{"start":{"line":57,"column":2},"end":{"line":57,"column":16}},"25":{"start":{"line":59,"column":0},"end":{"line":59,"column":28}}},"fnMap":{"0":{"name":"(anonymous_0)","decl":{"start":{"line":3,"column":19},"end":{"line":3,"column":20}},"loc":{"start":{"line":3,"column":33},"end":{"line":58,"column":1}},"line":3},"1":{"name":"(anonymous_1)","decl":{"start":{"line":5,"column":34},"end":{"line":5,"column":35}},"loc":{"start":{"line":5,"column":41},"end":{"line":56,"column":3}},"line":5}},"branchMap":{"0":{"loc":{"start":{"line":6,"column":4},"end":{"line":55,"column":5}},"type":"if","locations":[{"start":{"line":6,"column":4},"end":{"line":55,"column":5}},{"start":{"line":13,"column":11},"end":{"line":55,"column":5}}],"line":6},"1":{"loc":{"start":{"line":7,"column":6},"end":{"line":10,"column":28}},"type":"binary-expr","locations":[{"start":{"line":7,"column":6},"end":{"line":7,"column":22}},{"start":{"line":8,"column":6},"end":{"line":8,"column":48}},{"start":{"line":9,"column":6},"end":{"line":9,"column":43}},{"start":{"line":10,"column":6},"end":{"line":10,"column":28}}],"line":7},"2":{"loc":{"start":{"line":17,"column":6},"end":{"line":21,"column":7}},"type":"if","locations":[{"start":{"line":17,"column":6},"end":{"line":21,"column":7}},{"start":{},"end":{}}],"line":17},"3":{"loc":{"start":{"line":18,"column":8},"end":{"line":20,"column":9}},"type":"if","locations":[{"start":{"line":18,"column":8},"end":{"line":20,"column":9}},{"start":{},"end":{}}],"line":18},"4":{"loc":{"start":{"line":22,"column":6},"end":{"line":26,"column":7}},"type":"if","locations":[{"start":{"line":22,"column":6},"end":{"line":26,"column":7}},{"start":{},"end":{}}],"line":22},"5":{"loc":{"start":{"line":22,"column":10},"end":{"line":22,"column":61}},"type":"binary-expr","locations":[{"start":{"line":22,"column":10},"end":{"line":22,"column":37}},{"start":{"line":22,"column":41},"end":{"line":22,"column":61}}],"line":22},"6":{"loc":{"start":{"line":23,"column":8},"end":{"line":25,"column":9}},"type":"if","locations":[{"start":{"line":23,"column":8},"end":{"line":25,"column":9}},{"start":{},"end":{}}],"line":23},"7":{"loc":{"start":{"line":28,"column":6},"end":{"line":34,"column":7}},"type":"if","locations":[{"start":{"line":28,"column":6},"end":{"line":34,"column":7}},{"start":{},"end":{}}],"line":28},"8":{"loc":{"start":{"line":29,"column":8},"end":{"line":33,"column":9}},"type":"if","locations":[{"start":{"line":29,"column":8},"end":{"line":33,"column":9}},{"start":{},"end":{}}],"line":29},"9":{"loc":{"start":{"line":36,"column":6},"end":{"line":42,"column":7}},"type":"if","locations":[{"start":{"line":36,"column":6},"end":{"line":42,"column":7}},{"start":{},"end":{}}],"line":36},"10":{"loc":{"start":{"line":36,"column":10},"end":{"line":36,"column":71}},"type":"binary-expr","locations":[{"start":{"line":36,"column":10},"end":{"line":36,"column":22}},{"start":{"line":36,"column":26},"end":{"line":36,"column":47}},{"start":{"line":36,"column":51},"end":{"line":36,"column":71}}],"line":36},"11":{"loc":{"start":{"line":37,"column":8},"end":{"line":41,"column":9}},"type":"if","locations":[{"start":{"line":37,"column":8},"end":{"line":41,"column":9}},{"start":{},"end":{}}],"line":37},"12":{"loc":{"start":{"line":45,"column":6},"end":{"line":49,"column":7}},"type":"if","locations":[{"start":{"line":45,"column":6},"end":{"line":49,"column":7}},{"start":{},"end":{}}],"line":45},"13":{"loc":{"start":{"line":46,"column":8},"end":{"line":48,"column":9}},"type":"if","locations":[{"start":{"line":46,"column":8},"end":{"line":48,"column":9}},{"start":{},"end":{}}],"line":46},"14":{"loc":{"start":{"line":50,"column":6},"end":{"line":54,"column":7}},"type":"if","locations":[{"start":{"line":50,"column":6},"end":{"line":54,"column":7}},{"start":{},"end":{}}],"line":50},"15":{"loc":{"start":{"line":51,"column":8},"end":{"line":53,"column":9}},"type":"if","locations":[{"start":{"line":51,"column":8},"end":{"line":53,"column":9}},{"start":{},"end":{}}],"line":51}},"s":{"0":10,"1":10,"2":0,"3":0,"4":0,"5":0,"6":0,"7":0,"8":0,"9":0,"10":0,"11":0,"12":0,"13":0,"14":0,"15":0,"16":0,"17":0,"18":0,"19":0,"20":0,"21":0,"22":0,"23":0,"24":0,"25":10},"f":{"0":0,"1":0},"b":{"0":[0,0],"1":[0,0,0,0],"2":[0,0],"3":[0,0],"4":[0,0],"5":[0,0],"6":[0,0],"7":[0,0],"8":[0,0],"9":[0,0],"10":[0,0,0],"11":[0,0],"12":[0,0],"13":[0,0],"14":[0,0],"15":[0,0]},"_coverageSchema":"1a1c01bbd47fc00a2c39e90264f33305004495a9","hash":"83d64fbc078e86b529db965780685ceeb2054dff"}
,"C:\\Users\\Dubai Computers\\Downloads\\hackton-backend-develop\\hackton-backend-develop\\utils\\generateToken.js": {"path":"C:\\Users\\Dubai Computers\\Downloads\\hackton-backend-develop\\hackton-backend-develop\\utils\\generateToken.js","statementMap":{"0":{"start":{"line":1,"column":12},"end":{"line":1,"column":35}},"1":{"start":{"line":2,"column":23},"end":{"line":2,"column":57}},"2":{"start":{"line":4,"column":22},"end":{"line":18,"column":1}},"3":{"start":{"line":5,"column":18},"end":{"line":8,"column":3}},"4":{"start":{"line":9,"column":18},"end":{"line":11,"column":3}},"5":{"start":{"line":12,"column":17},"end":{"line":16,"column":3}},"6":{"start":{"line":17,"column":2},"end":{"line":17,"column":77}},"7":{"start":{"line":20,"column":19},"end":{"line":33,"column":1}},"8":{"start":{"line":21,"column":18},"end":{"line":23,"column":3}},"9":{"start":{"line":24,"column":18},"end":{"line":26,"column":3}},"10":{"start":{"line":27,"column":16},"end":{"line":31,"column":3}},"11":{"start":{"line":32,"column":2},"end":{"line":32,"column":15}},"12":{"start":{"line":35,"column":0},"end":{"line":35,"column":47}}},"fnMap":{"0":{"name":"(anonymous_0)","decl":{"start":{"line":4,"column":22},"end":{"line":4,"column":23}},"loc":{"start":{"line":4,"column":58},"end":{"line":18,"column":1}},"line":4},"1":{"name":"(anonymous_1)","decl":{"start":{"line":20,"column":19},"end":{"line":20,"column":20}},"loc":{"start":{"line":20,"column":27},"end":{"line":33,"column":1}},"line":20}},"branchMap":{"0":{"loc":{"start":{"line":14,"column":4},"end":{"line":14,"column":40}},"type":"binary-expr","locations":[{"start":{"line":14,"column":4},"end":{"line":14,"column":22}},{"start":{"line":14,"column":26},"end":{"line":14,"column":40}}],"line":14},"1":{"loc":{"start":{"line":29,"column":4},"end":{"line":29,"column":40}},"type":"binary-expr","locations":[{"start":{"line":29,"column":4},"end":{"line":29,"column":22}},{"start":{"line":29,"column":26},"end":{"line":29,"column":40}}],"line":29}},"s":{"0":10,"1":10,"2":10,"3":0,"4":0,"5":0,"6":0,"7":10,"8":0,"9":0,"10":0,"11":0,"12":10},"f":{"0":0,"1":0},"b":{"0":[0,0],"1":[0,0]},"_coverageSchema":"1a1c01bbd47fc00a2c39e90264f33305004495a9","hash":"9a17588179ca5072b48d7012c068c4ab3ba45611"}
,"C:\\Users\\Dubai Computers\\Downloads\\hackton-backend-develop\\hackton-backend-develop\\utils\\mailHandler.js": {"path":"C:\\Users\\Dubai Computers\\Downloads\\hackton-backend-develop\\hackton-backend-develop\\utils\\mailHandler.js","statementMap":{"0":{"start":{"line":1,"column":19},"end":{"line":1,"column":40}},"1":{"start":{"line":2,"column":26},"end":{"line":2,"column":51}},"2":{"start":{"line":3,"column":23},"end":{"line":3,"column":57}},"3":{"start":{"line":4,"column":23},"end":{"line":4,"column":56}},"4":{"start":{"line":5,"column":16},"end":{"line":5,"column":44}},"5":{"start":{"line":6,"column":15},"end":{"line":6,"column":39}},"6":{"start":{"line":8,"column":20},"end":{"line":8,"column":44}},"7":{"start":{"line":16,"column":0},"end":{"line":155,"column":2}},"8":{"start":{"line":37,"column":8},"end":{"line":37,"column":15}},"9":{"start":{"line":38,"column":4},"end":{"line":52,"column":7}},"10":{"start":{"line":61,"column":24},"end":{"line":67,"column":6}},"11":{"start":{"line":68,"column":24},"end":{"line":73,"column":5}},"12":{"start":{"line":75,"column":4},"end":{"line":80,"column":7}},"13":{"start":{"line":76,"column":6},"end":{"line":78,"column":7}},"14":{"start":{"line":77,"column":8},"end":{"line":77,"column":28}},"15":{"start":{"line":79,"column":6},"end":{"line":79,"column":25}},"16":{"start":{"line":89,"column":18},"end":{"line":89,"column":34}},"17":{"start":{"line":90,"column":4},"end":{"line":90,"column":26}},"18":{"start":{"line":91,"column":21},"end":{"line":98,"column":6}},"19":{"start":{"line":100,"column":4},"end":{"line":100,"column":57}},"20":{"start":{"line":101,"column":4},"end":{"line":101,"column":24}},"21":{"start":{"line":103,"column":4},"end":{"line":107,"column":7}},"22":{"start":{"line":115,"column":21},"end":{"line":122,"column":6}},"23":{"start":{"line":123,"column":4},"end":{"line":123,"column":50}},"24":{"start":{"line":125,"column":4},"end":{"line":129,"column":7}},"25":{"start":{"line":138,"column":18},"end":{"line":138,"column":34}},"26":{"start":{"line":139,"column":4},"end":{"line":139,"column":26}},"27":{"start":{"line":140,"column":21},"end":{"line":147,"column":6}},"28":{"start":{"line":149,"column":4},"end":{"line":153,"column":7}}},"fnMap":{"0":{"name":"(anonymous_0)","decl":{"start":{"line":29,"column":2},"end":{"line":29,"column":3}},"loc":{"start":{"line":29,"column":45},"end":{"line":53,"column":3}},"line":29},"1":{"name":"(anonymous_1)","decl":{"start":{"line":60,"column":2},"end":{"line":60,"column":3}},"loc":{"start":{"line":60,"column":52},"end":{"line":81,"column":3}},"line":60},"2":{"name":"(anonymous_2)","decl":{"start":{"line":75,"column":38},"end":{"line":75,"column":39}},"loc":{"start":{"line":75,"column":55},"end":{"line":80,"column":5}},"line":75},"3":{"name":"(anonymous_3)","decl":{"start":{"line":88,"column":2},"end":{"line":88,"column":3}},"loc":{"start":{"line":88,"column":59},"end":{"line":108,"column":3}},"line":88},"4":{"name":"(anonymous_4)","decl":{"start":{"line":114,"column":2},"end":{"line":114,"column":3}},"loc":{"start":{"line":114,"column":59},"end":{"line":130,"column":3}},"line":114},"5":{"name":"(anonymous_5)","decl":{"start":{"line":137,"column":2},"end":{"line":137,"column":3}},"loc":{"start":{"line":137,"column":42},"end":{"line":154,"column":3}},"line":137}},"branchMap":{"0":{"loc":{"start":{"line":34,"column":6},"end":{"line":34,"column":24}},"type":"default-arg","locations":[{"start":{"line":34,"column":22},"end":{"line":34,"column":24}}],"line":34},"1":{"loc":{"start":{"line":35,"column":6},"end":{"line":35,"column":24}},"type":"default-arg","locations":[{"start":{"line":35,"column":22},"end":{"line":35,"column":24}}],"line":35},"2":{"loc":{"start":{"line":36,"column":6},"end":{"line":36,"column":23}},"type":"default-arg","locations":[{"start":{"line":36,"column":19},"end":{"line":36,"column":23}}],"line":36},"3":{"loc":{"start":{"line":50,"column":12},"end":{"line":50,"column":47}},"type":"binary-expr","locations":[{"start":{"line":50,"column":12},"end":{"line":50,"column":22}},{"start":{"line":50,"column":26},"end":{"line":50,"column":47}}],"line":50},"4":{"loc":{"start":{"line":76,"column":6},"end":{"line":78,"column":7}},"type":"if","locations":[{"start":{"line":76,"column":6},"end":{"line":78,"column":7}},{"start":{},"end":{}}],"line":76}},"s":{"0":10,"1":10,"2":10,"3":10,"4":10,"5":10,"6":10,"7":10,"8":0,"9":0,"10":0,"11":0,"12":0,"13":0,"14":0,"15":0,"16":0,"17":0,"18":0,"19":0,"20":0,"21":0,"22":0,"23":0,"24":0,"25":0,"26":0,"27":0,"28":0},"f":{"0":0,"1":0,"2":0,"3":0,"4":0,"5":0},"b":{"0":[0],"1":[0],"2":[0],"3":[0,0],"4":[0,0]},"_coverageSchema":"1a1c01bbd47fc00a2c39e90264f33305004495a9","hash":"3c3e027b2a38f2ef9c9601206fe29d8bec09b058"}
,"C:\\Users\\Dubai Computers\\Downloads\\hackton-backend-develop\\hackton-backend-develop\\utils\\reminder.js": {"path":"C:\\Users\\Dubai Computers\\Downloads\\hackton-backend-develop\\hackton-backend-develop\\utils\\reminder.js","statementMap":{"0":{"start":{"line":2,"column":13},"end":{"line":2,"column":33}},"1":{"start":{"line":3,"column":17},"end":{"line":3,"column":49}},"2":{"start":{"line":4,"column":22},"end":{"line":4,"column":65}},"3":{"start":{"line":5,"column":20},"end":{"line":5,"column":55}},"4":{"start":{"line":6,"column":15},"end":{"line":6,"column":46}},"5":{"start":{"line":8,"column":20},"end":{"line":66,"column":1}},"6":{"start":{"line":9,"column":17},"end":{"line":9,"column":38}},"7":{"start":{"line":10,"column":2},"end":{"line":65,"column":5}},"8":{"start":{"line":11,"column":24},"end":{"line":11,"column":66}},"9":{"start":{"line":12,"column":23},"end":{"line":12,"column":58}},"10":{"start":{"line":13,"column":4},"end":{"line":38,"column":7}},"11":{"start":{"line":14,"column":6},"end":{"line":37,"column":7}},"12":{"start":{"line":15,"column":68},"end":{"line":15,"column":71}},"13":{"start":{"line":16,"column":20},"end":{"line":16,"column":62}},"14":{"start":{"line":17,"column":22},"end":{"line":17,"column":52}},"15":{"start":{"line":18,"column":20},"end":{"line":18,"column":23}},"16":{"start":{"line":19,"column":24},"end":{"line":19,"column":32}},"17":{"start":{"line":20,"column":25},"end":{"line":26,"column":10}},"18":{"start":{"line":28,"column":8},"end":{"line":36,"column":9}},"19":{"start":{"line":29,"column":10},"end":{"line":35,"column":13}},"20":{"start":{"line":30,"column":12},"end":{"line":34,"column":15}},"21":{"start":{"line":39,"column":4},"end":{"line":64,"column":7}},"22":{"start":{"line":40,"column":6},"end":{"line":63,"column":7}},"23":{"start":{"line":41,"column":46},"end":{"line":41,"column":49}},"24":{"start":{"line":42,"column":20},"end":{"line":42,"column":62}},"25":{"start":{"line":43,"column":22},"end":{"line":43,"column":52}},"26":{"start":{"line":44,"column":20},"end":{"line":44,"column":23}},"27":{"start":{"line":45,"column":24},"end":{"line":45,"column":32}},"28":{"start":{"line":46,"column":25},"end":{"line":52,"column":10}},"29":{"start":{"line":54,"column":8},"end":{"line":62,"column":9}},"30":{"start":{"line":55,"column":10},"end":{"line":61,"column":13}},"31":{"start":{"line":56,"column":12},"end":{"line":60,"column":15}},"32":{"start":{"line":68,"column":0},"end":{"line":68,"column":29}}},"fnMap":{"0":{"name":"(anonymous_0)","decl":{"start":{"line":8,"column":20},"end":{"line":8,"column":21}},"loc":{"start":{"line":8,"column":32},"end":{"line":66,"column":1}},"line":8},"1":{"name":"(anonymous_1)","decl":{"start":{"line":10,"column":17},"end":{"line":10,"column":18}},"loc":{"start":{"line":10,"column":32},"end":{"line":65,"column":3}},"line":10},"2":{"name":"(anonymous_2)","decl":{"start":{"line":13,"column":24},"end":{"line":13,"column":25}},"loc":{"start":{"line":13,"column":37},"end":{"line":38,"column":5}},"line":13},"3":{"name":"(anonymous_3)","decl":{"start":{"line":29,"column":51},"end":{"line":29,"column":52}},"loc":{"start":{"line":29,"column":63},"end":{"line":35,"column":11}},"line":29},"4":{"name":"(anonymous_4)","decl":{"start":{"line":39,"column":23},"end":{"line":39,"column":24}},"loc":{"start":{"line":39,"column":36},"end":{"line":64,"column":5}},"line":39},"5":{"name":"(anonymous_5)","decl":{"start":{"line":55,"column":51},"end":{"line":55,"column":52}},"loc":{"start":{"line":55,"column":63},"end":{"line":61,"column":11}},"line":55}},"branchMap":{"0":{"loc":{"start":{"line":14,"column":6},"end":{"line":37,"column":7}},"type":"if","locations":[{"start":{"line":14,"column":6},"end":{"line":37,"column":7}},{"start":{},"end":{}}],"line":14},"1":{"loc":{"start":{"line":21,"column":24},"end":{"line":21,"column":63}},"type":"binary-expr","locations":[{"start":{"line":21,"column":24},"end":{"line":21,"column":41}},{"start":{"line":21,"column":45},"end":{"line":21,"column":63}}],"line":21},"2":{"loc":{"start":{"line":28,"column":8},"end":{"line":36,"column":9}},"type":"if","locations":[{"start":{"line":28,"column":8},"end":{"line":36,"column":9}},{"start":{},"end":{}}],"line":28},"3":{"loc":{"start":{"line":31,"column":18},"end":{"line":31,"column":57}},"type":"binary-expr","locations":[{"start":{"line":31,"column":18},"end":{"line":31,"column":35}},{"start":{"line":31,"column":39},"end":{"line":31,"column":57}}],"line":31},"4":{"loc":{"start":{"line":40,"column":6},"end":{"line":63,"column":7}},"type":"if","locations":[{"start":{"line":40,"column":6},"end":{"line":63,"column":7}},{"start":{},"end":{}}],"line":40},"5":{"loc":{"start":{"line":47,"column":24},"end":{"line":47,"column":41}},"type":"binary-expr","locations":[{"start":{"line":47,"column":24},"end":{"line":47,"column":32}},{"start":{"line":47,"column":36},"end":{"line":47,"column":41}}],"line":47},"6":{"loc":{"start":{"line":54,"column":8},"end":{"line":62,"column":9}},"type":"if","locations":[{"start":{"line":54,"column":8},"end":{"line":62,"column":9}},{"start":{},"end":{}}],"line":54},"7":{"loc":{"start":{"line":57,"column":18},"end":{"line":57,"column":35}},"type":"binary-expr","locations":[{"start":{"line":57,"column":18},"end":{"line":57,"column":26}},{"start":{"line":57,"column":30},"end":{"line":57,"column":35}}],"line":57}},"s":{"0":10,"1":10,"2":10,"3":10,"4":10,"5":10,"6":0,"7":0,"8":0,"9":0,"10":0,"11":0,"12":0,"13":0,"14":0,"15":0,"16":0,"17":0,"18":0,"19":0,"20":0,"21":0,"22":0,"23":0,"24":0,"25":0,"26":0,"27":0,"28":0,"29":0,"30":0,"31":0,"32":10},"f":{"0":0,"1":0,"2":0,"3":0,"4":0,"5":0},"b":{"0":[0,0],"1":[0,0],"2":[0,0],"3":[0,0],"4":[0,0],"5":[0,0],"6":[0,0],"7":[0,0]},"_coverageSchema":"1a1c01bbd47fc00a2c39e90264f33305004495a9","hash":"94a7a5ec004148351f1bbe2fcad9edd4f692ada3"}
,"C:\\Users\\Dubai Computers\\Downloads\\hackton-backend-develop\\hackton-backend-develop\\utils\\requestHandler.js": {"path":"C:\\Users\\Dubai Computers\\Downloads\\hackton-backend-develop\\hackton-backend-develop\\utils\\requestHandler.js","statementMap":{"0":{"start":{"line":1,"column":23},"end":{"line":25,"column":1}},"1":{"start":{"line":3,"column":4},"end":{"line":10,"column":5}},"2":{"start":{"line":4,"column":6},"end":{"line":9,"column":9}},"3":{"start":{"line":11,"column":4},"end":{"line":15,"column":7}},"4":{"start":{"line":18,"column":4},"end":{"line":23,"column":7}},"5":{"start":{"line":27,"column":0},"end":{"line":27,"column":32}}},"fnMap":{"0":{"name":"(anonymous_0)","decl":{"start":{"line":2,"column":2},"end":{"line":2,"column":3}},"loc":{"start":{"line":2,"column":42},"end":{"line":16,"column":3}},"line":2},"1":{"name":"(anonymous_1)","decl":{"start":{"line":17,"column":2},"end":{"line":17,"column":3}},"loc":{"start":{"line":17,"column":39},"end":{"line":24,"column":3}},"line":17}},"branchMap":{"0":{"loc":{"start":{"line":3,"column":4},"end":{"line":10,"column":5}},"type":"if","locations":[{"start":{"line":3,"column":4},"end":{"line":10,"column":5}},{"start":{},"end":{}}],"line":3}},"s":{"0":10,"1":0,"2":0,"3":0,"4":0,"5":10},"f":{"0":0,"1":0},"b":{"0":[0,0]},"_coverageSchema":"1a1c01bbd47fc00a2c39e90264f33305004495a9","hash":"e573025155b1ff11d124c2ff1c2488cc9fa4fa7c"}
}
