TN:
SF:knexfile.js
FN:12,(anonymous_0)
FNF:1
FNH:0
FNDA:0,(anonymous_0)
DA:1,10
DA:2,10
DA:3,10
DA:4,10
DA:12,10
DA:13,0
DA:16,10
DA:17,10
DA:19,10
LF:9
LH:8
BRDA:13,0,0,0
BRDA:13,0,1,0
BRF:2
BRH:0
end_of_record
TN:
SF:api\server.js
FN:22,(anonymous_0)
FN:39,(anonymous_1)
FN:46,(anonymous_2)
FNF:3
FNH:2
FNDA:0,(anonymous_0)
FNDA:1,(anonymous_1)
FNDA:1,(anonymous_2)
DA:1,10
DA:2,10
DA:3,10
DA:4,10
DA:5,10
DA:6,10
DA:7,10
DA:9,10
DA:10,10
DA:12,10
DA:16,10
DA:17,10
DA:18,10
DA:20,10
DA:22,10
DA:23,0
DA:24,0
DA:26,0
DA:32,0
DA:33,0
DA:34,0
DA:37,10
DA:39,10
DA:40,1
DA:46,10
DA:47,1
DA:53,10
LF:27
LH:21
BRDA:24,0,0,0
BRDA:24,0,1,0
BRDA:27,1,0,0
BRDA:27,1,1,0
BRDA:32,2,0,0
BRDA:32,2,1,0
BRF:6
BRH:0
end_of_record
TN:
SF:api\auth\authenticate.js
FN:3,authenticate
FN:6,(anonymous_1)
FNF:2
FNH:0
FNDA:0,authenticate
FNDA:0,(anonymous_1)
DA:1,10
DA:4,0
DA:5,0
DA:6,0
DA:7,0
DA:8,0
DA:10,0
DA:11,0
DA:15,0
DA:19,10
LF:10
LH:2
BRDA:5,0,0,0
BRDA:5,0,1,0
BRDA:7,1,0,0
BRDA:7,1,1,0
BRF:4
BRH:0
end_of_record
TN:
SF:api\auth\githubStrategy.js
FN:10,(anonymous_0)
FN:18,(anonymous_1)
FNF:2
FNH:1
FNDA:10,(anonymous_0)
FNDA:0,(anonymous_1)
DA:1,10
DA:2,10
DA:3,10
DA:5,10
DA:7,10
DA:9,10
DA:11,10
DA:19,0
DA:21,0
DA:28,0
DA:29,0
DA:30,0
DA:32,0
LF:13
LH:7
BRDA:16,0,0,10
BRDA:16,0,1,0
BRDA:25,1,0,0
BRDA:25,1,1,0
BRF:4
BRH:1
end_of_record
TN:
SF:api\auth\googleStrategy.js
FN:10,(anonymous_0)
FN:19,(anonymous_1)
FNF:2
FNH:1
FNDA:10,(anonymous_0)
FNDA:0,(anonymous_1)
DA:1,10
DA:2,10
DA:3,10
DA:5,10
DA:7,10
DA:9,10
DA:11,10
DA:20,0
DA:26,0
DA:27,0
DA:28,0
DA:29,0
LF:12
LH:7
BRDA:17,0,0,10
BRDA:17,0,1,0
BRF:2
BRH:1
end_of_record
TN:
SF:config\cloudinary.js
FN:18,(anonymous_0)
FNF:1
FNH:0
FNDA:0,(anonymous_0)
DA:1,10
DA:2,10
DA:3,10
DA:5,10
DA:11,10
DA:18,10
DA:20,0
DA:21,0
DA:24,0
DA:27,10
DA:29,10
LF:11
LH:8
BRDA:20,0,0,0
BRDA:20,0,1,0
BRF:2
BRH:0
end_of_record
TN:
SF:config\mail.js
FNF:0
FNH:0
DA:1,10
DA:2,10
DA:4,10
DA:13,10
LF:4
LH:4
BRF:0
BRH:0
end_of_record
TN:
SF:config\winston.js
FN:32,(anonymous_0)
FNF:1
FNH:1
FNDA:2,(anonymous_0)
DA:1,10
DA:2,10
DA:4,10
DA:23,10
DA:31,10
DA:33,2
DA:37,10
LF:7
LH:7
BRF:0
BRH:0
end_of_record
TN:
SF:controllers\Oauth.js
FN:7,(anonymous_0)
FN:24,(anonymous_1)
FNF:2
FNH:0
FNDA:0,(anonymous_0)
FNDA:0,(anonymous_1)
DA:1,10
DA:2,10
DA:3,10
DA:5,10
DA:7,10
DA:8,0
DA:9,0
DA:10,0
DA:11,0
DA:15,0
DA:16,0
DA:18,0
DA:20,0
DA:24,10
DA:25,0
DA:26,0
DA:27,0
DA:28,0
DA:33,0
DA:34,0
DA:35,0
DA:36,0
DA:44,0
DA:48,10
LF:24
LH:7
BRDA:10,0,0,0
BRDA:10,0,1,0
BRDA:15,1,0,0
BRDA:15,1,1,0
BRDA:27,2,0,0
BRDA:27,2,1,0
BRDA:34,3,0,0
BRDA:34,3,1,0
BRF:8
BRH:0
end_of_record
TN:
SF:controllers\authUser\authControllers.js
FN:8,(anonymous_0)
FN:30,(anonymous_1)
FN:51,(anonymous_2)
FN:65,(anonymous_3)
FN:92,(anonymous_4)
FNF:5
FNH:0
FNDA:0,(anonymous_0)
FNDA:0,(anonymous_1)
FNDA:0,(anonymous_2)
FNDA:0,(anonymous_3)
FNDA:0,(anonymous_4)
DA:1,10
DA:2,10
DA:3,10
DA:4,10
DA:5,10
DA:6,10
DA:8,10
DA:10,0
DA:11,0
DA:12,0
DA:13,0
DA:14,0
DA:15,0
DA:22,0
DA:23,0
DA:26,0
DA:30,10
DA:32,0
DA:33,0
DA:34,0
DA:35,0
DA:37,0
DA:38,0
DA:47,0
DA:51,10
DA:52,0
DA:53,0
DA:54,0
DA:61,0
DA:65,10
DA:66,0
DA:67,0
DA:68,0
DA:69,0
DA:70,0
DA:71,0
DA:72,0
DA:74,0
DA:75,0
DA:76,0
DA:77,0
DA:78,0
DA:86,0
DA:88,0
DA:92,10
DA:93,0
DA:94,0
DA:95,0
DA:96,0
DA:97,0
DA:98,0
DA:99,0
DA:107,0
DA:109,0
DA:113,10
LF:55
LH:12
BRDA:13,0,0,0
BRDA:13,0,1,0
BRDA:34,1,0,0
BRDA:34,1,1,0
BRDA:68,2,0,0
BRDA:68,2,1,0
BRDA:71,3,0,0
BRDA:71,3,1,0
BRDA:76,4,0,0
BRDA:76,4,1,0
BRDA:95,5,0,0
BRDA:95,5,1,0
BRDA:97,6,0,0
BRDA:97,6,1,0
BRF:14
BRH:0
end_of_record
TN:
SF:controllers\eventParticipants\eventParticipantsController.js
FN:4,handleEventsGetById
FN:8,(anonymous_1)
FN:16,(anonymous_2)
FN:21,handleEventRegistration
FN:29,(anonymous_4)
FN:37,(anonymous_5)
FN:46,handleEventDelete
FN:51,(anonymous_7)
FN:59,(anonymous_8)
FN:68,(anonymous_9)
FNF:10
FNH:0
FNDA:0,handleEventsGetById
FNDA:0,(anonymous_1)
FNDA:0,(anonymous_2)
FNDA:0,handleEventRegistration
FNDA:0,(anonymous_4)
FNDA:0,(anonymous_5)
FNDA:0,handleEventDelete
FNDA:0,(anonymous_7)
FNDA:0,(anonymous_8)
FNDA:0,(anonymous_9)
DA:1,10
DA:2,10
DA:5,0
DA:6,0
DA:9,0
DA:17,0
DA:22,0
DA:23,0
DA:24,0
DA:30,0
DA:38,0
DA:47,0
DA:48,0
DA:49,0
DA:52,0
DA:60,0
DA:68,10
DA:69,0
DA:70,0
DA:71,0
DA:72,0
DA:73,0
DA:74,0
DA:81,0
DA:89,10
LF:25
LH:4
BRF:0
BRH:0
end_of_record
TN:
SF:controllers\eventTeam\eventTeamController.js
FN:4,handleAddTeamMember
FN:20,handleGetTeamMembers
FN:32,handleDeleteTeamMember
FNF:3
FNH:0
FNDA:0,handleAddTeamMember
FNDA:0,handleGetTeamMembers
FNDA:0,handleDeleteTeamMember
DA:1,10
DA:2,10
DA:5,0
DA:6,0
DA:7,0
DA:12,0
DA:16,0
DA:21,0
DA:22,0
DA:23,0
DA:24,0
DA:28,0
DA:33,0
DA:34,0
DA:35,0
DA:39,0
DA:40,0
DA:49,0
DA:53,10
LF:19
LH:3
BRF:0
BRH:0
end_of_record
TN:
SF:controllers\events\eventsControllers.js
FN:6,handleEventsGetByUSerId
FN:11,(anonymous_1)
FN:19,(anonymous_2)
FN:24,handleEventGetById
FN:27,(anonymous_4)
FN:35,(anonymous_5)
FN:40,handleEventsDelete
FN:43,(anonymous_7)
FN:50,(anonymous_8)
FN:55,handleEventsEdit
FN:76,(anonymous_10)
FN:84,(anonymous_11)
FN:89,handleEventsPost
FN:108,(anonymous_13)
FN:116,(anonymous_14)
FN:121,handleEventsGet
FN:123,(anonymous_16)
FN:131,(anonymous_17)
FNF:18
FNH:0
FNDA:0,handleEventsGetByUSerId
FNDA:0,(anonymous_1)
FNDA:0,(anonymous_2)
FNDA:0,handleEventGetById
FNDA:0,(anonymous_4)
FNDA:0,(anonymous_5)
FNDA:0,handleEventsDelete
FNDA:0,(anonymous_7)
FNDA:0,(anonymous_8)
FNDA:0,handleEventsEdit
FNDA:0,(anonymous_10)
FNDA:0,(anonymous_11)
FNDA:0,handleEventsPost
FNDA:0,(anonymous_13)
FNDA:0,(anonymous_14)
FNDA:0,handleEventsGet
FNDA:0,(anonymous_16)
FNDA:0,(anonymous_17)
DA:2,10
DA:3,10
DA:4,10
DA:7,0
DA:8,0
DA:9,0
DA:10,0
DA:12,0
DA:20,0
DA:25,0
DA:26,0
DA:28,0
DA:36,0
DA:41,0
DA:42,0
DA:44,0
DA:51,0
DA:56,0
DA:57,0
DA:58,0
DA:59,0
DA:60,0
DA:75,0
DA:77,0
DA:85,0
DA:90,0
DA:91,0
DA:92,0
DA:93,0
DA:107,0
DA:109,0
DA:117,0
DA:122,0
DA:124,0
DA:132,0
DA:136,10
LF:36
LH:4
BRF:0
BRH:0
end_of_record
TN:
SF:controllers\eventsCategories\categoryControllers.js
FN:6,handleCategoriesDelete
FN:9,(anonymous_1)
FN:16,(anonymous_2)
FN:21,handleCategoriesEdit
FN:27,(anonymous_4)
FN:35,(anonymous_5)
FN:40,handleCategoriesPost
FN:43,(anonymous_7)
FN:51,(anonymous_8)
FN:56,handleCategoriesGet
FN:58,(anonymous_10)
FN:66,(anonymous_11)
FNF:12
FNH:0
FNDA:0,handleCategoriesDelete
FNDA:0,(anonymous_1)
FNDA:0,(anonymous_2)
FNDA:0,handleCategoriesEdit
FNDA:0,(anonymous_4)
FNDA:0,(anonymous_5)
FNDA:0,handleCategoriesPost
FNDA:0,(anonymous_7)
FNDA:0,(anonymous_8)
FNDA:0,handleCategoriesGet
FNDA:0,(anonymous_10)
FNDA:0,(anonymous_11)
DA:3,10
DA:4,10
DA:7,0
DA:8,0
DA:10,0
DA:17,0
DA:22,0
DA:23,0
DA:26,0
DA:28,0
DA:36,0
DA:41,0
DA:42,0
DA:44,0
DA:52,0
DA:57,0
DA:59,0
DA:67,0
DA:71,10
LF:19
LH:3
BRF:0
BRH:0
end_of_record
TN:
SF:controllers\inviteController\inviteMail.js
FN:7,(anonymous_0)
FN:29,(anonymous_1)
FNF:2
FNH:0
FNDA:0,(anonymous_0)
FNDA:0,(anonymous_1)
DA:2,10
DA:3,10
DA:5,10
DA:7,10
DA:8,0
DA:9,0
DA:10,0
DA:11,0
DA:18,0
DA:23,0
DA:25,0
DA:29,10
DA:30,0
DA:31,0
DA:32,0
DA:33,0
DA:41,0
DA:46,0
DA:48,0
DA:52,10
LF:20
LH:6
BRF:0
BRH:0
end_of_record
TN:
SF:controllers\participantTeams\participantTeamsControllers.js
FN:8,handleTeamDelete
FN:12,(anonymous_1)
FN:20,(anonymous_2)
FN:25,handleTeamEdit
FN:35,(anonymous_4)
FN:38,(anonymous_5)
FN:43,handleCreateTeam
FN:53,(anonymous_7)
FN:61,(anonymous_8)
FN:66,handleTeamGet
FN:70,(anonymous_10)
FN:78,(anonymous_11)
FN:83,handleAllTeamGet
FN:87,(anonymous_13)
FN:95,(anonymous_14)
FN:102,handleTeamMateGet
FN:106,(anonymous_16)
FN:114,(anonymous_17)
FN:119,handleTeamMateDelete
FN:123,(anonymous_19)
FN:131,(anonymous_20)
FN:136,handleAddTeamMembers
FN:145,(anonymous_22)
FN:153,(anonymous_23)
FNF:24
FNH:0
FNDA:0,handleTeamDelete
FNDA:0,(anonymous_1)
FNDA:0,(anonymous_2)
FNDA:0,handleTeamEdit
FNDA:0,(anonymous_4)
FNDA:0,(anonymous_5)
FNDA:0,handleCreateTeam
FNDA:0,(anonymous_7)
FNDA:0,(anonymous_8)
FNDA:0,handleTeamGet
FNDA:0,(anonymous_10)
FNDA:0,(anonymous_11)
FNDA:0,handleAllTeamGet
FNDA:0,(anonymous_13)
FNDA:0,(anonymous_14)
FNDA:0,handleTeamMateGet
FNDA:0,(anonymous_16)
FNDA:0,(anonymous_17)
FNDA:0,handleTeamMateDelete
FNDA:0,(anonymous_19)
FNDA:0,(anonymous_20)
FNDA:0,handleAddTeamMembers
FNDA:0,(anonymous_22)
FNDA:0,(anonymous_23)
DA:2,10
DA:4,10
DA:9,0
DA:10,0
DA:13,0
DA:21,0
DA:26,0
DA:27,0
DA:28,0
DA:33,0
DA:36,0
DA:39,0
DA:44,0
DA:45,0
DA:46,0
DA:51,0
DA:54,0
DA:62,0
DA:67,0
DA:68,0
DA:71,0
DA:79,0
DA:84,0
DA:85,0
DA:88,0
DA:96,0
DA:103,0
DA:104,0
DA:107,0
DA:115,0
DA:120,0
DA:121,0
DA:124,0
DA:132,0
DA:138,0
DA:139,0
DA:143,0
DA:146,0
DA:154,0
DA:158,10
LF:40
LH:3
BRF:0
BRH:0
end_of_record
TN:
SF:controllers\projectGrading\projectGradingControllers.js
FN:8,handleProjectGradingDelete
FN:12,(anonymous_1)
FN:20,(anonymous_2)
FN:25,handleProjectGradingEdit
FN:32,(anonymous_4)
FN:33,(anonymous_5)
FN:38,(anonymous_6)
FN:43,(anonymous_7)
FN:66,average
FN:67,(anonymous_9)
FN:88,(anonymous_10)
FN:96,(anonymous_11)
FN:101,handleprojectGradingPost
FN:107,(anonymous_13)
FN:108,(anonymous_14)
FN:113,(anonymous_15)
FN:117,(anonymous_16)
FN:140,average
FN:141,(anonymous_18)
FN:162,(anonymous_19)
FN:170,(anonymous_20)
FN:175,handleGetAllProjectGrading
FN:179,(anonymous_22)
FN:187,(anonymous_23)
FN:192,handleGetProjectGrading
FN:196,(anonymous_25)
FN:204,(anonymous_26)
FNF:27
FNH:0
FNDA:0,handleProjectGradingDelete
FNDA:0,(anonymous_1)
FNDA:0,(anonymous_2)
FNDA:0,handleProjectGradingEdit
FNDA:0,(anonymous_4)
FNDA:0,(anonymous_5)
FNDA:0,(anonymous_6)
FNDA:0,(anonymous_7)
FNDA:0,average
FNDA:0,(anonymous_9)
FNDA:0,(anonymous_10)
FNDA:0,(anonymous_11)
FNDA:0,handleprojectGradingPost
FNDA:0,(anonymous_13)
FNDA:0,(anonymous_14)
FNDA:0,(anonymous_15)
FNDA:0,(anonymous_16)
FNDA:0,average
FNDA:0,(anonymous_18)
FNDA:0,(anonymous_19)
FNDA:0,(anonymous_20)
FNDA:0,handleGetAllProjectGrading
FNDA:0,(anonymous_22)
FNDA:0,(anonymous_23)
FNDA:0,handleGetProjectGrading
FNDA:0,(anonymous_25)
FNDA:0,(anonymous_26)
DA:2,10
DA:3,10
DA:4,10
DA:9,0
DA:10,0
DA:13,0
DA:21,0
DA:26,0
DA:27,0
DA:30,0
DA:33,0
DA:34,0
DA:35,0
DA:39,0
DA:41,0
DA:43,0
DA:44,0
DA:45,0
DA:46,0
DA:47,0
DA:48,0
DA:49,0
DA:50,0
DA:51,0
DA:52,0
DA:53,0
DA:54,0
DA:55,0
DA:56,0
DA:57,0
DA:58,0
DA:59,0
DA:60,0
DA:61,0
DA:64,0
DA:65,0
DA:67,0
DA:68,0
DA:69,0
DA:71,0
DA:73,0
DA:86,0
DA:89,0
DA:97,0
DA:102,0
DA:103,0
DA:105,0
DA:108,0
DA:109,0
DA:110,0
DA:114,0
DA:116,0
DA:117,0
DA:118,0
DA:119,0
DA:120,0
DA:121,0
DA:122,0
DA:123,0
DA:124,0
DA:125,0
DA:126,0
DA:127,0
DA:128,0
DA:129,0
DA:130,0
DA:131,0
DA:132,0
DA:133,0
DA:134,0
DA:135,0
DA:138,0
DA:139,0
DA:141,0
DA:142,0
DA:143,0
DA:145,0
DA:147,0
DA:160,0
DA:163,0
DA:171,0
DA:176,0
DA:177,0
DA:180,0
DA:188,0
DA:193,0
DA:194,0
DA:197,0
DA:205,0
DA:209,10
LF:90
LH:4
BRDA:44,0,0,0
BRDA:44,0,1,0
BRDA:47,1,0,0
BRDA:47,1,1,0
BRDA:50,2,0,0
BRDA:50,2,1,0
BRDA:53,3,0,0
BRDA:53,3,1,0
BRDA:56,4,0,0
BRDA:56,4,1,0
BRDA:59,5,0,0
BRDA:59,5,1,0
BRDA:118,6,0,0
BRDA:118,6,1,0
BRDA:121,7,0,0
BRDA:121,7,1,0
BRDA:124,8,0,0
BRDA:124,8,1,0
BRDA:127,9,0,0
BRDA:127,9,1,0
BRDA:130,10,0,0
BRDA:130,10,1,0
BRDA:133,11,0,0
BRDA:133,11,1,0
BRF:24
BRH:0
end_of_record
TN:
SF:controllers\projects\projectControllers.js
FN:8,handleProjectEntriesDelete
FN:12,(anonymous_1)
FN:20,(anonymous_2)
FN:25,handleProjectEntriesEdit
FN:39,(anonymous_4)
FN:47,(anonymous_5)
FN:52,handleprojectEntriesPost
FN:66,(anonymous_7)
FN:74,(anonymous_8)
FN:79,handleGetAllProjectEntries
FN:87,(anonymous_10)
FN:96,(anonymous_11)
FN:97,(anonymous_12)
FN:102,(anonymous_13)
FN:133,handleGetProjectEntry
FN:137,(anonymous_15)
FN:145,(anonymous_16)
FNF:17
FNH:0
FNDA:0,handleProjectEntriesDelete
FNDA:0,(anonymous_1)
FNDA:0,(anonymous_2)
FNDA:0,handleProjectEntriesEdit
FNDA:0,(anonymous_4)
FNDA:0,(anonymous_5)
FNDA:0,handleprojectEntriesPost
FNDA:0,(anonymous_7)
FNDA:0,(anonymous_8)
FNDA:0,handleGetAllProjectEntries
FNDA:0,(anonymous_10)
FNDA:0,(anonymous_11)
FNDA:0,(anonymous_12)
FNDA:0,(anonymous_13)
FNDA:0,handleGetProjectEntry
FNDA:0,(anonymous_15)
FNDA:0,(anonymous_16)
DA:1,10
DA:2,10
DA:3,10
DA:4,10
DA:9,0
DA:10,0
DA:13,0
DA:21,0
DA:26,0
DA:27,0
DA:28,0
DA:37,0
DA:40,0
DA:48,0
DA:53,0
DA:54,0
DA:55,0
DA:64,0
DA:67,0
DA:75,0
DA:80,0
DA:81,0
DA:82,0
DA:83,0
DA:84,0
DA:86,0
DA:87,0
DA:96,0
DA:97,0
DA:98,0
DA:99,0
DA:100,0
DA:101,0
DA:102,0
DA:103,0
DA:108,0
DA:109,0
DA:110,0
DA:112,0
DA:115,0
DA:117,0
DA:122,0
DA:129,0
DA:134,0
DA:135,0
DA:138,0
DA:146,0
DA:150,10
LF:48
LH:5
BRDA:103,0,0,0
BRDA:103,0,1,0
BRDA:104,1,0,0
BRDA:104,1,1,0
BRDA:104,1,2,0
BRF:5
BRH:0
end_of_record
TN:
SF:controllers\users\userController.js
FN:5,handleGetUserList
FN:15,handleGetSingleUser
FN:45,(anonymous_2)
FNF:3
FNH:0
FNDA:0,handleGetUserList
FNDA:0,handleGetSingleUser
FNDA:0,(anonymous_2)
DA:1,10
DA:2,10
DA:3,10
DA:6,0
DA:7,0
DA:8,0
DA:12,0
DA:16,0
DA:17,0
DA:19,0
DA:20,0
DA:22,0
DA:23,0
DA:25,0
DA:26,0
DA:28,0
DA:29,0
DA:30,0
DA:31,0
DA:35,0
DA:41,0
DA:45,10
DA:46,0
DA:47,0
DA:48,0
DA:50,0
DA:51,0
DA:52,0
DA:53,0
DA:56,0
DA:58,0
DA:60,0
DA:67,0
DA:68,0
DA:72,0
DA:74,0
DA:78,10
LF:37
LH:5
BRDA:19,0,0,0
BRDA:19,0,1,0
BRDA:22,1,0,0
BRDA:22,1,1,0
BRDA:25,2,0,0
BRDA:25,2,1,0
BRDA:30,3,0,0
BRDA:30,3,1,0
BRDA:50,4,0,0
BRDA:50,4,1,0
BRDA:51,5,0,0
BRDA:51,5,1,0
BRDA:61,6,0,0
BRDA:61,6,1,0
BRDA:62,7,0,0
BRDA:62,7,1,0
BRDA:63,8,0,0
BRDA:63,8,1,0
BRDA:64,9,0,0
BRDA:64,9,1,0
BRDA:65,10,0,0
BRDA:65,10,1,0
BRF:22
BRH:0
end_of_record
TN:
SF:data\dbConfig.js
FNF:0
FNH:0
DA:1,10
DA:2,10
DA:4,10
DA:6,10
LF:4
LH:4
BRF:0
BRH:0
end_of_record
TN:
SF:data\mock\auth.mock.js
FNF:0
FNH:0
DA:1,7
LF:1
LH:1
BRF:0
BRH:0
end_of_record
TN:
SF:data\mock\categories.mock.js
FNF:0
FNH:0
DA:1,3
LF:1
LH:1
BRF:0
BRH:0
end_of_record
TN:
SF:data\mock\event.mock.js
FNF:0
FNH:0
DA:1,5
DA:3,5
LF:2
LH:2
BRF:0
BRH:0
end_of_record
TN:
SF:data\mock\participantTeams.js
FNF:0
FNH:0
DA:1,1
LF:1
LH:1
BRF:0
BRH:0
end_of_record
TN:
SF:data\mock\projectGrading.mock.js
FNF:0
FNH:0
DA:1,2
LF:1
LH:1
BRF:0
BRH:0
end_of_record
TN:
SF:data\mock\projects.mock.js
FNF:0
FNH:0
DA:1,3
LF:1
LH:1
BRF:0
BRH:0
end_of_record
TN:
SF:environment\index.js
FNF:0
FNH:0
DA:1,10
DA:2,10
LF:2
LH:2
BRDA:1,0,0,10
BRDA:1,0,1,0
BRF:2
BRH:1
end_of_record
TN:
SF:middlewares\CategoryValidator.js
FN:19,(anonymous_0)
FN:29,(anonymous_1)
FN:40,(anonymous_2)
FN:45,(anonymous_3)
FNF:4
FNH:0
FNDA:0,(anonymous_0)
FNDA:0,(anonymous_1)
FNDA:0,(anonymous_2)
FNDA:0,(anonymous_3)
DA:2,10
DA:3,10
DA:4,10
DA:5,10
DA:11,10
DA:21,0
DA:22,0
DA:24,0
DA:25,0
DA:27,0
DA:30,0
DA:31,0
DA:37,0
DA:38,0
DA:41,0
DA:46,0
DA:47,0
DA:48,0
DA:50,0
DA:51,0
DA:52,0
DA:53,0
DA:61,0
DA:65,0
DA:66,0
DA:68,0
DA:70,0
LF:27
LH:5
BRDA:24,0,0,0
BRDA:24,0,1,0
BRDA:30,1,0,0
BRDA:30,1,1,0
BRDA:50,2,0,0
BRDA:50,2,1,0
BRDA:52,3,0,0
BRDA:52,3,1,0
BRDA:65,4,0,0
BRDA:65,4,1,0
BRF:10
BRH:0
end_of_record
TN:
SF:middlewares\EventValidator.js
FN:24,(anonymous_0)
FN:37,(anonymous_1)
FN:48,(anonymous_2)
FN:53,(anonymous_3)
FN:66,(anonymous_4)
FN:77,(anonymous_5)
FN:82,(anonymous_6)
FN:121,(anonymous_7)
FN:129,(anonymous_8)
FN:138,(anonymous_9)
FN:147,(anonymous_10)
FN:171,(anonymous_11)
FN:186,(anonymous_12)
FN:197,(anonymous_13)
FN:203,(anonymous_14)
FN:206,(anonymous_15)
FN:218,(anonymous_16)
FN:222,(anonymous_17)
FNF:18
FNH:0
FNDA:0,(anonymous_0)
FNDA:0,(anonymous_1)
FNDA:0,(anonymous_2)
FNDA:0,(anonymous_3)
FNDA:0,(anonymous_4)
FNDA:0,(anonymous_5)
FNDA:0,(anonymous_6)
FNDA:0,(anonymous_7)
FNDA:0,(anonymous_8)
FNDA:0,(anonymous_9)
FNDA:0,(anonymous_10)
FNDA:0,(anonymous_11)
FNDA:0,(anonymous_12)
FNDA:0,(anonymous_13)
FNDA:0,(anonymous_14)
FNDA:0,(anonymous_15)
FNDA:0,(anonymous_16)
FNDA:0,(anonymous_17)
DA:2,10
DA:3,10
DA:4,10
DA:5,10
DA:6,10
DA:7,10
DA:8,10
DA:9,10
DA:10,10
DA:16,10
DA:26,0
DA:27,0
DA:29,0
DA:30,0
DA:35,0
DA:38,0
DA:39,0
DA:45,0
DA:46,0
DA:49,0
DA:55,0
DA:56,0
DA:58,0
DA:59,0
DA:64,0
DA:67,0
DA:68,0
DA:74,0
DA:75,0
DA:78,0
DA:83,0
DA:93,0
DA:94,0
DA:95,0
DA:96,0
DA:97,0
DA:104,0
DA:115,0
DA:116,0
DA:118,0
DA:122,0
DA:123,0
DA:124,0
DA:125,0
DA:126,0
DA:127,0
DA:128,0
DA:129,0
DA:131,0
DA:132,0
DA:134,0
DA:135,0
DA:136,0
DA:138,0
DA:140,0
DA:141,0
DA:143,0
DA:144,0
DA:148,0
DA:149,0
DA:150,0
DA:151,0
DA:152,0
DA:153,0
DA:160,0
DA:165,0
DA:166,0
DA:168,0
DA:172,0
DA:173,0
DA:174,0
DA:175,0
DA:176,0
DA:177,0
DA:183,0
DA:184,0
DA:185,0
DA:186,0
DA:188,0
DA:189,0
DA:191,0
DA:192,0
DA:194,0
DA:198,0
DA:199,0
DA:200,0
DA:201,0
DA:202,0
DA:203,0
DA:205,0
DA:206,0
DA:208,0
DA:209,0
DA:215,0
DA:219,0
DA:220,0
DA:221,0
DA:222,0
DA:224,0
DA:225,0
DA:231,0
LF:101
LH:10
BRDA:29,0,0,0
BRDA:29,0,1,0
BRDA:38,1,0,0
BRDA:38,1,1,0
BRDA:58,2,0,0
BRDA:58,2,1,0
BRDA:67,3,0,0
BRDA:67,3,1,0
BRDA:94,4,0,0
BRDA:94,4,1,0
BRDA:96,5,0,0
BRDA:96,5,1,0
BRDA:115,6,0,0
BRDA:115,6,1,0
BRDA:131,7,0,0
BRDA:131,7,1,0
BRDA:134,8,0,0
BRDA:134,8,1,0
BRDA:140,9,0,0
BRDA:140,9,1,0
BRDA:150,10,0,0
BRDA:150,10,1,0
BRDA:152,11,0,0
BRDA:152,11,1,0
BRDA:165,12,0,0
BRDA:165,12,1,0
BRDA:176,13,0,0
BRDA:176,13,1,0
BRDA:183,14,0,0
BRDA:183,14,1,0
BRDA:188,15,0,0
BRDA:188,15,1,0
BRDA:208,16,0,0
BRDA:208,16,1,0
BRDA:208,17,0,0
BRDA:208,17,1,0
BRDA:224,18,0,0
BRDA:224,18,1,0
BRF:38
BRH:0
end_of_record
TN:
SF:middlewares\UserValidator.js
FN:23,(anonymous_0)
FN:79,(anonymous_1)
FN:112,(anonymous_2)
FN:130,(anonymous_3)
FN:158,(anonymous_4)
FNF:5
FNH:0
FNDA:0,(anonymous_0)
FNDA:0,(anonymous_1)
FNDA:0,(anonymous_2)
FNDA:0,(anonymous_3)
FNDA:0,(anonymous_4)
DA:1,10
DA:2,10
DA:3,10
DA:4,10
DA:5,10
DA:6,10
DA:7,10
DA:8,10
DA:9,10
DA:15,10
DA:24,0
DA:25,0
DA:26,0
DA:27,0
DA:31,0
DA:32,0
DA:37,0
DA:39,0
DA:40,0
DA:42,0
DA:43,0
DA:50,0
DA:51,0
DA:55,0
DA:56,0
DA:57,0
DA:63,0
DA:64,0
DA:66,0
DA:71,0
DA:72,0
DA:75,0
DA:76,0
DA:80,0
DA:81,0
DA:82,0
DA:86,0
DA:87,0
DA:92,0
DA:94,0
DA:95,0
DA:99,0
DA:101,0
DA:102,0
DA:106,0
DA:108,0
DA:113,0
DA:114,0
DA:115,0
DA:121,0
DA:122,0
DA:124,0
DA:126,0
DA:131,0
DA:132,0
DA:133,0
DA:134,0
DA:137,0
DA:138,0
DA:140,0
DA:141,0
DA:143,0
DA:144,0
DA:145,0
DA:151,0
DA:152,0
DA:154,0
DA:159,0
DA:160,0
DA:161,0
DA:162,0
DA:163,0
DA:164,0
DA:166,0
DA:169,0
LF:75
LH:10
BRDA:31,0,0,0
BRDA:31,0,1,0
BRDA:39,1,0,0
BRDA:39,1,1,0
BRDA:42,2,0,0
BRDA:42,2,1,0
BRDA:55,3,0,0
BRDA:55,3,1,0
BRDA:56,4,0,0
BRDA:56,4,1,0
BRDA:86,5,0,0
BRDA:86,5,1,0
BRDA:94,6,0,0
BRDA:94,6,1,0
BRDA:94,7,0,0
BRDA:94,7,1,0
BRDA:99,8,0,0
BRDA:99,8,1,0
BRDA:99,9,0,0
BRDA:99,9,1,0
BRDA:121,10,0,0
BRDA:121,10,1,0
BRDA:137,11,0,0
BRDA:137,11,1,0
BRDA:140,12,0,0
BRDA:140,12,1,0
BRDA:144,13,0,0
BRDA:144,13,1,0
BRDA:144,14,0,0
BRDA:144,14,1,0
BRDA:161,15,0,0
BRDA:161,15,1,0
BRF:32
BRH:0
end_of_record
TN:
SF:middlewares\cloudinaryHandler.js
FN:4,(anonymous_0)
FNF:1
FNH:0
FNDA:0,(anonymous_0)
DA:1,10
DA:3,10
DA:5,0
DA:6,0
DA:7,0
DA:10,0
DA:12,0
LF:7
LH:2
BRDA:5,0,0,0
BRDA:5,0,1,0
BRF:2
BRH:0
end_of_record
TN:
SF:models\eventCategoryModel.js
FN:13,findByTitle
FN:20,findById
FN:25,update
FN:30,(anonymous_3)
FN:34,remove
FN:41,add
FN:48,find
FNF:7
FNH:0
FNDA:0,findByTitle
FNDA:0,findById
FNDA:0,update
FNDA:0,(anonymous_3)
FNDA:0,remove
FNDA:0,add
FNDA:0,find
DA:2,10
DA:4,10
DA:14,0
DA:17,0
DA:21,0
DA:22,0
DA:26,0
DA:30,0
DA:31,0
DA:35,0
DA:38,0
DA:42,0
DA:45,0
DA:49,0
DA:50,0
LF:15
LH:2
BRF:0
BRH:0
end_of_record
TN:
SF:models\eventParticipantsModel.js
FN:3,getByEventId
FN:18,addCredentials
FN:22,(anonymous_2)
FN:27,remove
FN:35,(anonymous_4)
FN:70,(anonymous_5)
FNF:6
FNH:0
FNDA:0,getByEventId
FNDA:0,addCredentials
FNDA:0,(anonymous_2)
FNDA:0,remove
FNDA:0,(anonymous_4)
FNDA:0,(anonymous_5)
DA:1,10
DA:4,0
DA:15,0
DA:19,0
DA:22,0
DA:23,0
DA:28,0
DA:32,0
DA:35,10
DA:36,0
DA:37,0
DA:38,0
DA:39,0
DA:40,0
DA:71,0
DA:72,0
DA:73,0
DA:74,0
DA:75,0
DA:76,0
DA:77,0
DA:78,0
DA:79,0
DA:80,0
DA:84,10
LF:25
LH:3
BRDA:37,0,0,0
BRDA:37,0,1,0
BRDA:38,1,0,0
BRDA:38,1,1,0
BRF:4
BRH:0
end_of_record
TN:
SF:models\eventTeamModel.js
FN:3,getTeam
FN:21,addTeamMember
FN:25,(anonymous_2)
FN:29,removeTeamMember
FNF:4
FNH:0
FNDA:0,getTeam
FNDA:0,addTeamMember
FNDA:0,(anonymous_2)
FNDA:0,removeTeamMember
DA:1,10
DA:4,0
DA:18,0
DA:22,0
DA:25,0
DA:26,0
DA:30,0
DA:34,0
DA:37,10
LF:9
LH:2
BRF:0
BRH:0
end_of_record
TN:
SF:models\eventsModel.js
FN:14,getByUserId
FN:46,(anonymous_1)
FN:60,findByTitle
FN:65,findById
FN:90,update
FN:95,(anonymous_5)
FN:99,remove
FN:106,add
FN:113,find
FNF:9
FNH:0
FNDA:0,getByUserId
FNDA:0,(anonymous_1)
FNDA:0,findByTitle
FNDA:0,findById
FNDA:0,update
FNDA:0,(anonymous_5)
FNDA:0,remove
FNDA:0,add
FNDA:0,find
DA:2,10
DA:4,10
DA:15,0
DA:16,0
DA:17,0
DA:18,0
DA:47,0
DA:48,0
DA:49,0
DA:50,0
DA:51,0
DA:52,0
DA:53,0
DA:54,0
DA:55,0
DA:56,0
DA:61,0
DA:62,0
DA:66,0
DA:87,0
DA:91,0
DA:95,0
DA:96,0
DA:100,0
DA:103,0
DA:107,0
DA:110,0
DA:114,0
DA:134,0
LF:29
LH:2
BRDA:14,0,0,0
BRDA:14,1,0,0
BRF:2
BRH:0
end_of_record
TN:
SF:models\participantTeamsModels.js
FN:4,createTeam
FN:10,updateTeam
FN:18,findTeam
FN:33,findTeamByEventId
FN:41,RemoveTeam
FN:50,addTeamMate
FN:57,findTeamMate
FN:72,removeTeamMate
FNF:8
FNH:0
FNDA:0,createTeam
FNDA:0,updateTeam
FNDA:0,findTeam
FNDA:0,findTeamByEventId
FNDA:0,RemoveTeam
FNDA:0,addTeamMate
FNDA:0,findTeamMate
FNDA:0,removeTeamMate
DA:1,10
DA:5,0
DA:8,0
DA:11,0
DA:15,0
DA:19,0
DA:30,0
DA:34,0
DA:38,0
DA:42,0
DA:45,0
DA:51,0
DA:54,0
DA:58,0
DA:70,0
DA:73,0
DA:78,0
DA:81,10
LF:18
LH:2
BRF:0
BRH:0
end_of_record
TN:
SF:models\projectGradingModel.js
FN:4,addGrading
FN:10,findAllGradingsByEventId
FN:38,findGrading
FN:65,updateGrading
FN:72,removeGrading
FNF:5
FNH:0
FNDA:0,addGrading
FNDA:0,findAllGradingsByEventId
FNDA:0,findGrading
FNDA:0,updateGrading
FNDA:0,removeGrading
DA:1,10
DA:5,0
DA:8,0
DA:11,0
DA:35,0
DA:39,0
DA:63,0
DA:66,0
DA:70,0
DA:73,0
DA:76,0
DA:79,10
LF:12
LH:2
BRF:0
BRH:0
end_of_record
TN:
SF:models\projectsModel.js
FN:4,addProject
FN:11,findProjectTitle
FN:17,findAllProjectsByEventId
FN:25,findProject
FN:33,updateProject
FN:40,removeProject
FNF:6
FNH:0
FNDA:0,addProject
FNDA:0,findProjectTitle
FNDA:0,findAllProjectsByEventId
FNDA:0,findProject
FNDA:0,updateProject
FNDA:0,removeProject
DA:1,10
DA:5,0
DA:8,0
DA:12,0
DA:15,0
DA:18,0
DA:23,0
DA:26,0
DA:31,0
DA:34,0
DA:38,0
DA:41,0
DA:44,0
DA:47,10
LF:14
LH:2
BRF:0
BRH:0
end_of_record
TN:
SF:models\userModel.js
FN:3,getUserId
FN:11,(anonymous_1)
FN:15,(anonymous_2)
FN:19,getUserBy
FN:26,findBy
FN:34,createOrFindUser
FN:46,(anonymous_6)
FN:50,(anonymous_7)
FN:61,getUsers
FN:74,getSingleUser
FN:88,(anonymous_10)
FN:93,(anonymous_11)
FNF:12
FNH:0
FNDA:0,getUserId
FNDA:0,(anonymous_1)
FNDA:0,(anonymous_2)
FNDA:0,getUserBy
FNDA:0,findBy
FNDA:0,createOrFindUser
FNDA:0,(anonymous_6)
FNDA:0,(anonymous_7)
FNDA:0,getUsers
FNDA:0,getSingleUser
FNDA:0,(anonymous_10)
FNDA:0,(anonymous_11)
DA:1,10
DA:4,0
DA:8,0
DA:11,10
DA:12,0
DA:15,0
DA:16,0
DA:20,0
DA:23,0
DA:27,0
DA:31,0
DA:35,0
DA:37,0
DA:38,0
DA:39,0
DA:41,0
DA:42,0
DA:46,10
DA:47,0
DA:51,0
DA:52,0
DA:54,0
DA:62,0
DA:72,0
DA:75,0
DA:86,0
DA:88,10
DA:89,0
DA:93,0
DA:94,0
DA:97,10
LF:31
LH:5
BRDA:37,0,0,0
BRDA:37,0,1,0
BRDA:41,1,0,0
BRDA:41,1,1,0
BRF:4
BRH:0
end_of_record
TN:
SF:routes\auth.js
FNF:0
FNH:0
DA:1,10
DA:2,10
DA:3,10
DA:10,10
DA:11,10
DA:13,10
DA:18,10
DA:20,10
DA:22,10
DA:24,10
DA:25,10
DA:26,10
DA:29,10
DA:34,10
DA:39,10
DA:48,10
DA:59,10
DA:61,10
LF:18
LH:18
BRF:0
BRH:0
end_of_record
TN:
SF:routes\categories.js
FNF:0
FNH:0
DA:1,10
DA:7,10
DA:8,10
DA:9,10
DA:11,10
DA:13,10
DA:19,10
DA:20,10
DA:26,10
DA:33,10
LF:10
LH:10
BRF:0
BRH:0
end_of_record
TN:
SF:routes\events.js
FNF:0
FNH:0
DA:2,10
DA:3,10
DA:11,10
DA:16,10
DA:17,10
DA:23,10
DA:31,10
DA:39,10
DA:50,10
DA:55,10
DA:56,10
DA:58,10
DA:60,10
DA:66,10
DA:67,10
DA:68,10
DA:75,10
DA:81,10
DA:82,10
DA:88,10
DA:97,10
DA:106,10
DA:113,10
DA:115,10
DA:123,10
DA:131,10
DA:140,10
DA:147,10
DA:154,10
DA:162,10
DA:171,10
DA:178,10
DA:185,10
DA:191,10
DA:197,10
DA:205,10
DA:212,10
DA:218,10
DA:219,10
DA:220,10
DA:221,10
DA:222,10
DA:223,10
DA:229,10
DA:234,10
DA:239,10
LF:46
LH:46
BRF:0
BRH:0
end_of_record
TN:
SF:routes\index.js
FN:12,(anonymous_0)
FN:16,(anonymous_1)
FNF:2
FNH:0
FNDA:0,(anonymous_0)
FNDA:0,(anonymous_1)
DA:1,10
DA:2,10
DA:3,10
DA:4,10
DA:5,10
DA:6,10
DA:7,10
DA:8,10
DA:10,10
DA:12,10
DA:13,0
DA:16,10
DA:17,0
DA:20,10
DA:21,10
DA:23,10
DA:24,10
DA:25,10
DA:26,10
DA:28,10
LF:20
LH:18
BRF:0
BRH:0
end_of_record
TN:
SF:routes\users.js
FNF:0
FNH:0
DA:2,10
DA:3,10
DA:8,10
DA:9,10
DA:10,10
DA:13,10
DA:15,10
DA:16,10
DA:17,10
DA:18,10
DA:26,10
LF:11
LH:11
BRF:0
BRH:0
end_of_record
TN:
SF:utils\checkInputs.js
FN:3,(anonymous_0)
FN:5,(anonymous_1)
FNF:2
FNH:0
FNDA:0,(anonymous_0)
FNDA:0,(anonymous_1)
DA:1,10
DA:3,10
DA:4,0
DA:5,0
DA:6,0
DA:12,0
DA:17,0
DA:18,0
DA:19,0
DA:22,0
DA:23,0
DA:24,0
DA:28,0
DA:29,0
DA:30,0
DA:36,0
DA:37,0
DA:38,0
DA:45,0
DA:46,0
DA:47,0
DA:50,0
DA:51,0
DA:52,0
DA:57,0
DA:59,10
LF:26
LH:3
BRDA:6,0,0,0
BRDA:6,0,1,0
BRDA:7,1,0,0
BRDA:7,1,1,0
BRDA:7,1,2,0
BRDA:7,1,3,0
BRDA:17,2,0,0
BRDA:17,2,1,0
BRDA:18,3,0,0
BRDA:18,3,1,0
BRDA:22,4,0,0
BRDA:22,4,1,0
BRDA:22,5,0,0
BRDA:22,5,1,0
BRDA:23,6,0,0
BRDA:23,6,1,0
BRDA:28,7,0,0
BRDA:28,7,1,0
BRDA:29,8,0,0
BRDA:29,8,1,0
BRDA:36,9,0,0
BRDA:36,9,1,0
BRDA:36,10,0,0
BRDA:36,10,1,0
BRDA:36,10,2,0
BRDA:37,11,0,0
BRDA:37,11,1,0
BRDA:45,12,0,0
BRDA:45,12,1,0
BRDA:46,13,0,0
BRDA:46,13,1,0
BRDA:50,14,0,0
BRDA:50,14,1,0
BRDA:51,15,0,0
BRDA:51,15,1,0
BRF:35
BRH:0
end_of_record
TN:
SF:utils\generateToken.js
FN:4,(anonymous_0)
FN:20,(anonymous_1)
FNF:2
FNH:0
FNDA:0,(anonymous_0)
FNDA:0,(anonymous_1)
DA:1,10
DA:2,10
DA:4,10
DA:5,0
DA:9,0
DA:12,0
DA:17,0
DA:20,10
DA:21,0
DA:24,0
DA:27,0
DA:32,0
DA:35,10
LF:13
LH:5
BRDA:14,0,0,0
BRDA:14,0,1,0
BRDA:29,1,0,0
BRDA:29,1,1,0
BRF:4
BRH:0
end_of_record
TN:
SF:utils\mailHandler.js
FN:29,(anonymous_0)
FN:60,(anonymous_1)
FN:75,(anonymous_2)
FN:88,(anonymous_3)
FN:114,(anonymous_4)
FN:137,(anonymous_5)
FNF:6
FNH:0
FNDA:0,(anonymous_0)
FNDA:0,(anonymous_1)
FNDA:0,(anonymous_2)
FNDA:0,(anonymous_3)
FNDA:0,(anonymous_4)
FNDA:0,(anonymous_5)
DA:1,10
DA:2,10
DA:3,10
DA:4,10
DA:5,10
DA:6,10
DA:8,10
DA:16,10
DA:37,0
DA:38,0
DA:61,0
DA:68,0
DA:75,0
DA:76,0
DA:77,0
DA:79,0
DA:89,0
DA:90,0
DA:91,0
DA:100,0
DA:101,0
DA:103,0
DA:115,0
DA:123,0
DA:125,0
DA:138,0
DA:139,0
DA:140,0
DA:149,0
LF:29
LH:8
BRDA:34,0,0,0
BRDA:35,1,0,0
BRDA:36,2,0,0
BRDA:50,3,0,0
BRDA:50,3,1,0
BRDA:76,4,0,0
BRDA:76,4,1,0
BRF:7
BRH:0
end_of_record
TN:
SF:utils\reminder.js
FN:8,(anonymous_0)
FN:10,(anonymous_1)
FN:13,(anonymous_2)
FN:29,(anonymous_3)
FN:39,(anonymous_4)
FN:55,(anonymous_5)
FNF:6
FNH:0
FNDA:0,(anonymous_0)
FNDA:0,(anonymous_1)
FNDA:0,(anonymous_2)
FNDA:0,(anonymous_3)
FNDA:0,(anonymous_4)
FNDA:0,(anonymous_5)
DA:2,10
DA:3,10
DA:4,10
DA:5,10
DA:6,10
DA:8,10
DA:9,0
DA:10,0
DA:11,0
DA:12,0
DA:13,0
DA:14,0
DA:15,0
DA:16,0
DA:17,0
DA:18,0
DA:19,0
DA:20,0
DA:28,0
DA:29,0
DA:30,0
DA:39,0
DA:40,0
DA:41,0
DA:42,0
DA:43,0
DA:44,0
DA:45,0
DA:46,0
DA:54,0
DA:55,0
DA:56,0
DA:68,10
LF:33
LH:7
BRDA:14,0,0,0
BRDA:14,0,1,0
BRDA:21,1,0,0
BRDA:21,1,1,0
BRDA:28,2,0,0
BRDA:28,2,1,0
BRDA:31,3,0,0
BRDA:31,3,1,0
BRDA:40,4,0,0
BRDA:40,4,1,0
BRDA:47,5,0,0
BRDA:47,5,1,0
BRDA:54,6,0,0
BRDA:54,6,1,0
BRDA:57,7,0,0
BRDA:57,7,1,0
BRF:16
BRH:0
end_of_record
TN:
SF:utils\requestHandler.js
FN:2,(anonymous_0)
FN:17,(anonymous_1)
FNF:2
FNH:0
FNDA:0,(anonymous_0)
FNDA:0,(anonymous_1)
DA:1,10
DA:3,0
DA:4,0
DA:11,0
DA:18,0
DA:27,10
LF:6
LH:2
BRDA:3,0,0,0
BRDA:3,0,1,0
BRF:2
BRH:0
end_of_record
